Using pre-set license
Built from '2020.3/staging' branch; Version is '2020.3.32f1 (12f8b0834f07) revision 1243312'; Using compiler version '192528614'; Build Type 'Release'
OS: 'Windows 10  (10.0.19044) 64bit Professional' Language: 'pt' Physical Memory: 8174 MB
BatchMode: 1, IsHumanControllingUs: 0, StartBugReporterOnCrash: 0, Is64bit: 1, IsPro: 0

COMMAND LINE ARGUMENTS:
E:\Programs\Unity\Editor\2020.3.32f1\Editor\Unity.exe
-adb2
-batchMode
-noUpm
-name
AssetImportWorker1
-projectPath
C:/Users/jeffe/Documents/GitHub/Bot_Controller
-logFile
Logs/AssetImportWorker1.log
-srvPort
53931
Successfully changed project path to: C:/Users/jeffe/Documents/GitHub/Bot_Controller
C:/Users/jeffe/Documents/GitHub/Bot_Controller
Using Asset Import Pipeline V2.
Refreshing native plugins compatible for Editor in 129.68 ms, found 2 plugins.
Preloading 0 native plugins for Editor in 0.00 ms.
Initialize engine version: 2020.3.32f1 (12f8b0834f07)
[Subsystems] Discovering subsystems at path E:/Programs/Unity/Editor/2020.3.32f1/Editor/Data/Resources/UnitySubsystems
[Subsystems] Discovering subsystems at path C:/Users/jeffe/Documents/GitHub/Bot_Controller/Assets
GfxDevice: creating device client; threaded=0
Direct3D:
    Version:  Direct3D 11.0 [level 11.0]
    Renderer: NVIDIA GeForce GT 710 (ID=0x128b)
    Vendor:   
    VRAM:     2007 MB
    Driver:   27.21.14.5671
Initialize mono
Mono path[0] = 'E:/Programs/Unity/Editor/2020.3.32f1/Editor/Data/Managed'
Mono path[1] = 'E:/Programs/Unity/Editor/2020.3.32f1/Editor/Data/MonoBleedingEdge/lib/mono/unityjit'
Mono config path = 'E:/Programs/Unity/Editor/2020.3.32f1/Editor/Data/MonoBleedingEdge/etc'
Using monoOptions --debugger-agent=transport=dt_socket,embedding=1,server=y,suspend=n,address=127.0.0.1:56736
Begin MonoManager ReloadAssembly
Registering precompiled unity dll's ...
Register platform support module: E:/Programs/Unity/Editor/2020.3.32f1/Editor/Data/PlaybackEngines/WindowsStandaloneSupport/UnityEditor.WindowsStandalone.Extensions.dll
Registered in 0.002763 seconds.
Native extension for WindowsStandalone target not found
Refreshing native plugins compatible for Editor in 117.77 ms, found 2 plugins.
Preloading 0 native plugins for Editor in 0.00 ms.
Mono: successfully reloaded assembly
- Completed reload, in  1.192 seconds
Domain Reload Profiling:
	ReloadAssembly (1193ms)
		BeginReloadAssembly (115ms)
			ExecutionOrderSort (0ms)
			DisableScriptedObjects (0ms)
			BackupInstance (0ms)
			ReleaseScriptingObjects (0ms)
			CreateAndSetChildDomain (1ms)
		EndReloadAssembly (940ms)
			LoadAssemblies (114ms)
			RebuildTransferFunctionScriptingTraits (0ms)
			SetupTypeCache (335ms)
			ReleaseScriptCaches (1ms)
			RebuildScriptCaches (60ms)
			SetupLoadedEditorAssemblies (362ms)
				LogAssemblyErrors (0ms)
				InitializePlatformSupportModulesInManaged (7ms)
				SetLoadedEditorAssemblies (0ms)
				RefreshPlugins (118ms)
				BeforeProcessingInitializeOnLoad (29ms)
				ProcessInitializeOnLoadAttributes (150ms)
				ProcessInitializeOnLoadMethodAttributes (57ms)
				AfterProcessingInitializeOnLoad (0ms)
				EditorAssembliesLoaded (0ms)
			ExecutionOrderSort2 (0ms)
			AwakeInstancesAfterBackupRestoration (0ms)
Platform modules already initialized, skipping
Registering precompiled user dll's ...
Registered in 0.009517 seconds.
Begin MonoManager ReloadAssembly
Native extension for WindowsStandalone target not found
Refreshing native plugins compatible for Editor in 1.18 ms, found 2 plugins.
Preloading 0 native plugins for Editor in 0.00 ms.
Mono: successfully reloaded assembly
- Completed reload, in  3.369 seconds
Domain Reload Profiling:
	ReloadAssembly (3370ms)
		BeginReloadAssembly (304ms)
			ExecutionOrderSort (0ms)
			DisableScriptedObjects (8ms)
			BackupInstance (0ms)
			ReleaseScriptingObjects (0ms)
			CreateAndSetChildDomain (40ms)
		EndReloadAssembly (2946ms)
			LoadAssemblies (1336ms)
			RebuildTransferFunctionScriptingTraits (0ms)
			SetupTypeCache (616ms)
			ReleaseScriptCaches (1ms)
			RebuildScriptCaches (96ms)
			SetupLoadedEditorAssemblies (732ms)
				LogAssemblyErrors (0ms)
				InitializePlatformSupportModulesInManaged (7ms)
				SetLoadedEditorAssemblies (1ms)
				RefreshPlugins (1ms)
				BeforeProcessingInitializeOnLoad (169ms)
				ProcessInitializeOnLoadAttributes (489ms)
				ProcessInitializeOnLoadMethodAttributes (57ms)
				AfterProcessingInitializeOnLoad (7ms)
				EditorAssembliesLoaded (0ms)
			ExecutionOrderSort2 (0ms)
			AwakeInstancesAfterBackupRestoration (11ms)
Platform modules already initialized, skipping
========================================================================
Worker process is ready to serve import requests
Launched and connected shader compiler UnityShaderCompiler.exe after 0.28 seconds
Refreshing native plugins compatible for Editor in 1.17 ms, found 2 plugins.
Preloading 0 native plugins for Editor in 0.00 ms.
Unloading 1931 Unused Serialized files (Serialized files now loaded: 0)
System memory in use before: 85.7 MB.
System memory in use after: 85.8 MB.

Unloading 16 unused Assets to reduce memory usage. Loaded Objects now: 2367.
Total: 5.129300 ms (FindLiveObjects: 0.307100 ms CreateObjectMapping: 0.102200 ms MarkObjects: 4.615200 ms  DeleteObjects: 0.103100 ms)

AssetImportParameters requested are different than current active one (requested -> active):
  custom:framework-win-MediaFoundation: 216162199b28c13a410421893ffa2e32 -> 
  custom:video-decoder-ogg-theora: a1e56fd34408186e4bbccfd4996cb3dc -> 
  custom:container-muxer-webm: aa71ff27fc2769a1b78a27578f13a17b -> 
  custom:container-demuxer-webm: 4f35f7cbe854078d1ac9338744f61a02 -> 
  custom:container-demuxer-ogg: 62fdf1f143b41e24485cea50d1cbac27 -> 
  custom:video-encoder-webm-vp8: eb34c28f22e8b96e1ab97ce403110664 -> 
  custom:video-decoder-webm-vp8: 9c59270c3fd7afecdb556c50c9e8de78 -> 
  custom:audio-decoder-ogg-vorbis: bf7c407c2cedff20999df2af8eb42d56 -> 
  custom:audio-encoder-webm-vorbis: bf7c407c2cedff20999df2af8eb42d56 -> 
========================================================================
Received Import Request.
  path: Assets/Pub/Scenes/Main.unity
  artifactKey: Guid(f31f8c2d2aa19ae4289544683711fd01) Importer(815301076,1909f56bfc062723c751e8b465ee728b)
Start importing Assets/Pub/Scenes/Main.unity using Guid(f31f8c2d2aa19ae4289544683711fd01) Importer(815301076,1909f56bfc062723c751e8b465ee728b)  -> (artifact id: '253cc5ab9ff3ae3f205a1e082c91ac75') in 0.026899 seconds 
========================================================================
Received Import Request.
  Time since last request: 0.000541 seconds.
  path: Assets/Pub
  artifactKey: Guid(0ab0f6f513a687043a8f2dace212358e) Importer(815301076,1909f56bfc062723c751e8b465ee728b)
Start importing Assets/Pub using Guid(0ab0f6f513a687043a8f2dace212358e) Importer(815301076,1909f56bfc062723c751e8b465ee728b)  -> (artifact id: '6a395e573c9ff4870161eb55d4f093e5') in 0.006148 seconds 
========================================================================
Received Import Request.
  Time since last request: 0.000415 seconds.
  path: Assets/Pub/Scenes
  artifactKey: Guid(e39ebe1a180ba544db8954998a691dcc) Importer(815301076,1909f56bfc062723c751e8b465ee728b)
Start importing Assets/Pub/Scenes using Guid(e39ebe1a180ba544db8954998a691dcc) Importer(815301076,1909f56bfc062723c751e8b465ee728b)  -> (artifact id: '64f33e0f86d4558ace954bcc41d4b9f0') in 0.005771 seconds 
========================================================================
Received Import Request.
  Time since last request: 20.299144 seconds.
  path: Assets/Dev
  artifactKey: Guid(44c90e141e204af4abb2e8177081a476) Importer(815301076,1909f56bfc062723c751e8b465ee728b)
Start importing Assets/Dev using Guid(44c90e141e204af4abb2e8177081a476) Importer(815301076,1909f56bfc062723c751e8b465ee728b)  -> (artifact id: '249e020e5eb51eb6a0700674dec38213') in 0.010096 seconds 
========================================================================
Received Import Request.
  Time since last request: 5.516441 seconds.
  path: Assets/Pub/Scenes/Main
  artifactKey: Guid(332cc172fcae2c942a351cecd592c6cb) Importer(815301076,1909f56bfc062723c751e8b465ee728b)
Start importing Assets/Pub/Scenes/Main using Guid(332cc172fcae2c942a351cecd592c6cb) Importer(815301076,1909f56bfc062723c751e8b465ee728b)  -> (artifact id: '45fba8c0525de3b6d2b2e81e664da799') in 0.007783 seconds 
========================================================================
Received Import Request.
  Time since last request: 0.131141 seconds.
  path: Assets/Pub/Scenes/Main/LightingData.asset
  artifactKey: Guid(80d1fbfbb5712b74aa552bb570ecab9c) Importer(815301076,1909f56bfc062723c751e8b465ee728b)
Start importing Assets/Pub/Scenes/Main/LightingData.asset using Guid(80d1fbfbb5712b74aa552bb570ecab9c) Importer(815301076,1909f56bfc062723c751e8b465ee728b)  -> (artifact id: '9e8e3633b4408a8384f9a77bdad646e6') in 0.112137 seconds 
========================================================================
Received Import Request.
  Time since last request: 5.569691 seconds.
  path: Assets/Dev/XR
  artifactKey: Guid(7ec13b0b54aaec24981f7ff7ec8d273a) Importer(815301076,1909f56bfc062723c751e8b465ee728b)
Start importing Assets/Dev/XR using Guid(7ec13b0b54aaec24981f7ff7ec8d273a) Importer(815301076,1909f56bfc062723c751e8b465ee728b)  -> (artifact id: '79a5a5190b320cc4eeb24ca43d214ca6') in 0.013204 seconds 
========================================================================
Received Import Request.
  Time since last request: 0.120783 seconds.
  path: Assets/Dev/XR/XRGeneralSettings.asset
  artifactKey: Guid(250f7bb793fdc7e418273ad88bf492ea) Importer(815301076,1909f56bfc062723c751e8b465ee728b)
Start importing Assets/Dev/XR/XRGeneralSettings.asset using Guid(250f7bb793fdc7e418273ad88bf492ea) Importer(815301076,1909f56bfc062723c751e8b465ee728b)  -> (artifact id: '8f50f0169f9b2568982ad3bf04e46960') in 0.017745 seconds 
========================================================================
Received Import Request.
  Time since last request: 2.135150 seconds.
  path: Assets/Dev/Import
  artifactKey: Guid(e04b330b31d47254a92754f6b8dfa06c) Importer(815301076,1909f56bfc062723c751e8b465ee728b)
Start importing Assets/Dev/Import using Guid(e04b330b31d47254a92754f6b8dfa06c) Importer(815301076,1909f56bfc062723c751e8b465ee728b)  -> (artifact id: '31503f62a6f54a11dd864f3a9b6946c5') in 0.012325 seconds 
========================================================================
Received Import Request.
  Time since last request: 1.785745 seconds.
  path: Assets/Dev/Import/BrokenVector
  artifactKey: Guid(ab0e06de304564c458441b74387a8c62) Importer(815301076,1909f56bfc062723c751e8b465ee728b)
Start importing Assets/Dev/Import/BrokenVector using Guid(ab0e06de304564c458441b74387a8c62) Importer(815301076,1909f56bfc062723c751e8b465ee728b)  -> (artifact id: '860999ada8ea4b3eddfcb66926e5211f') in 0.008111 seconds 
========================================================================
Received Import Request.
  Time since last request: 3.608158 seconds.
  path: Assets/Dev/Import/frame
  artifactKey: Guid(51f0ab80b32f9d74fa67fa8a14c400c4) Importer(815301076,1909f56bfc062723c751e8b465ee728b)
Start importing Assets/Dev/Import/frame using Guid(51f0ab80b32f9d74fa67fa8a14c400c4) Importer(815301076,1909f56bfc062723c751e8b465ee728b)  -> (artifact id: 'c686c66fa88f21e5c39d665a708da4c8') in 0.008351 seconds 
========================================================================
Received Import Request.
  Time since last request: 5.991105 seconds.
  path: Assets/Dev/Scripts
  artifactKey: Guid(d15a21482792bb147a9efc5cece57cc7) Importer(815301076,1909f56bfc062723c751e8b465ee728b)
Start importing Assets/Dev/Scripts using Guid(d15a21482792bb147a9efc5cece57cc7) Importer(815301076,1909f56bfc062723c751e8b465ee728b)  -> (artifact id: '40576a82adcee66c19628c78bc68b212') in 0.012428 seconds 
========================================================================
Received Prepare
Registering precompiled user dll's ...
Registered in 0.007143 seconds.
Begin MonoManager ReloadAssembly
Native extension for WindowsStandalone target not found
Refreshing native plugins compatible for Editor in 1.39 ms, found 2 plugins.
Preloading 0 native plugins for Editor in 0.00 ms.
Mono: successfully reloaded assembly
- Completed reload, in  2.019 seconds
Domain Reload Profiling:
	ReloadAssembly (2020ms)
		BeginReloadAssembly (204ms)
			ExecutionOrderSort (0ms)
			DisableScriptedObjects (8ms)
			BackupInstance (0ms)
			ReleaseScriptingObjects (0ms)
			CreateAndSetChildDomain (58ms)
		EndReloadAssembly (1686ms)
			LoadAssemblies (185ms)
			RebuildTransferFunctionScriptingTraits (0ms)
			SetupTypeCache (698ms)
			ReleaseScriptCaches (1ms)
			RebuildScriptCaches (83ms)
			SetupLoadedEditorAssemblies (543ms)
				LogAssemblyErrors (0ms)
				InitializePlatformSupportModulesInManaged (7ms)
				SetLoadedEditorAssemblies (1ms)
				RefreshPlugins (1ms)
				BeforeProcessingInitializeOnLoad (152ms)
				ProcessInitializeOnLoadAttributes (359ms)
				ProcessInitializeOnLoadMethodAttributes (15ms)
				AfterProcessingInitializeOnLoad (7ms)
				EditorAssembliesLoaded (0ms)
			ExecutionOrderSort2 (0ms)
			AwakeInstancesAfterBackupRestoration (12ms)
Platform modules already initialized, skipping
Refreshing native plugins compatible for Editor in 1.21 ms, found 2 plugins.
Preloading 0 native plugins for Editor in 0.00 ms.
Unloading 1921 Unused Serialized files (Serialized files now loaded: 0)
System memory in use before: 85.0 MB.
System memory in use after: 85.1 MB.

Unloading 12 unused Assets to reduce memory usage. Loaded Objects now: 2371.
Total: 4.545200 ms (FindLiveObjects: 0.273300 ms CreateObjectMapping: 0.103200 ms MarkObjects: 4.136400 ms  DeleteObjects: 0.030900 ms)

AssetImportParameters requested are different than current active one (requested -> active):
  custom:framework-win-MediaFoundation: 216162199b28c13a410421893ffa2e32 -> 
  custom:video-decoder-ogg-theora: a1e56fd34408186e4bbccfd4996cb3dc -> 
  custom:container-muxer-webm: aa71ff27fc2769a1b78a27578f13a17b -> 
  custom:container-demuxer-webm: 4f35f7cbe854078d1ac9338744f61a02 -> 
  custom:container-demuxer-ogg: 62fdf1f143b41e24485cea50d1cbac27 -> 
  custom:video-encoder-webm-vp8: eb34c28f22e8b96e1ab97ce403110664 -> 
  custom:video-decoder-webm-vp8: 9c59270c3fd7afecdb556c50c9e8de78 -> 
  custom:audio-decoder-ogg-vorbis: bf7c407c2cedff20999df2af8eb42d56 -> 
  custom:audio-encoder-webm-vorbis: bf7c407c2cedff20999df2af8eb42d56 -> 
========================================================================
Received Import Request.
  Time since last request: 292.121209 seconds.
  path: Assets/Dev/Scenes
  artifactKey: Guid(7f6a178bba5be9b4e98d8ef6dacbd7e6) Importer(815301076,1909f56bfc062723c751e8b465ee728b)
Start importing Assets/Dev/Scenes using Guid(7f6a178bba5be9b4e98d8ef6dacbd7e6) Importer(815301076,1909f56bfc062723c751e8b465ee728b)  -> (artifact id: 'c8b3d6526805cbe9581bd5ac05ee0a0e') in 0.009141 seconds 
========================================================================
Received Import Request.
  Time since last request: 7.120724 seconds.
  path: Assets/Dev/Scenes/Start.unity
  artifactKey: Guid(7e4e9373c6ccf2a44810b3cb50ee6482) Importer(815301076,1909f56bfc062723c751e8b465ee728b)
Start importing Assets/Dev/Scenes/Start.unity using Guid(7e4e9373c6ccf2a44810b3cb50ee6482) Importer(815301076,1909f56bfc062723c751e8b465ee728b)  -> (artifact id: '51d0ec322fa453422af10ce9e3cd0565') in 0.006668 seconds 
