Using pre-set license
Built from '2020.3/staging' branch; Version is '2020.3.18f1 (a7d1c678663c) revision 10998214'; Using compiler version '192528614'; Build Type 'Release'
OS: 'Windows 7  (6.1.0) 64bit' Language: 'pt' Physical Memory: 8174 MB
BatchMode: 1, IsHumanControllingUs: 0, StartBugReporterOnCrash: 0, Is64bit: 1, IsPro: 0

COMMAND LINE ARGUMENTS:
D:\Programs\Unity\2020.3.18f1\Editor\Unity.exe
-adb2
-batchMode
-noUpm
-name
AssetImportWorker1
-projectPath
C:/Users/Jefferson/Documents/Unity Projects/Bot_Controller
-logFile
Logs/AssetImportWorker1.log
-srvPort
58555
Successfully changed project path to: C:/Users/Jefferson/Documents/Unity Projects/Bot_Controller
C:/Users/Jefferson/Documents/Unity Projects/Bot_Controller
Using Asset Import Pipeline V2.
Refreshing native plugins compatible for Editor in 107.73 ms, found 2 plugins.
Preloading 0 native plugins for Editor in 0.00 ms.
Initialize engine version: 2020.3.18f1 (a7d1c678663c)
[Subsystems] Discovering subsystems at path D:/Programs/Unity/2020.3.18f1/Editor/Data/Resources/UnitySubsystems
[Subsystems] Discovering subsystems at path C:/Users/Jefferson/Documents/Unity Projects/Bot_Controller/Assets
GfxDevice: creating device client; threaded=0
d3d11: CreateDXGIFactory2(...) not found, fallbacking to CreateDXGIFactory1(...).
d3d11: QueryInterface(IDXGIFactory5) failed (80004002).
Direct3D:
    Version:  Direct3D 11.0 [level 11.0]
    Renderer: NVIDIA GeForce GT 710 (ID=0x128b)
    Vendor:   
    VRAM:     1983 MB
    Driver:   30.0.14.7212
Initialize mono
Mono path[0] = 'D:/Programs/Unity/2020.3.18f1/Editor/Data/Managed'
Mono path[1] = 'D:/Programs/Unity/2020.3.18f1/Editor/Data/MonoBleedingEdge/lib/mono/unityjit'
Mono config path = 'D:/Programs/Unity/2020.3.18f1/Editor/Data/MonoBleedingEdge/etc'
Using monoOptions --debugger-agent=transport=dt_socket,embedding=1,server=y,suspend=n,address=127.0.0.1:56928
Begin MonoManager ReloadAssembly
Registering precompiled unity dll's ...
Register platform support module: D:/Programs/Unity/2020.3.18f1/Editor/Data/PlaybackEngines/WindowsStandaloneSupport/UnityEditor.WindowsStandalone.Extensions.dll
Registered in 0.001166 seconds.
Native extension for WindowsStandalone target not found
Refreshing native plugins compatible for Editor in 116.31 ms, found 2 plugins.
Preloading 0 native plugins for Editor in 0.00 ms.
Mono: successfully reloaded assembly
- Completed reload, in  1.577 seconds
Domain Reload Profiling:
	ReloadAssembly (1578ms)
		BeginReloadAssembly (74ms)
			ExecutionOrderSort (0ms)
			DisableScriptedObjects (0ms)
			BackupInstance (0ms)
			ReleaseScriptingObjects (0ms)
			CreateAndSetChildDomain (1ms)
		EndReloadAssembly (766ms)
			LoadAssemblies (72ms)
			RebuildTransferFunctionScriptingTraits (1ms)
			SetupTypeCache (277ms)
			ReleaseScriptCaches (0ms)
			RebuildScriptCaches (56ms)
			SetupLoadedEditorAssemblies (320ms)
				LogAssemblyErrors (0ms)
				InitializePlatformSupportModulesInManaged (6ms)
				SetLoadedEditorAssemblies (0ms)
				RefreshPlugins (116ms)
				BeforeProcessingInitializeOnLoad (24ms)
				ProcessInitializeOnLoadAttributes (130ms)
				ProcessInitializeOnLoadMethodAttributes (43ms)
				AfterProcessingInitializeOnLoad (0ms)
				EditorAssembliesLoaded (0ms)
			ExecutionOrderSort2 (0ms)
			AwakeInstancesAfterBackupRestoration (0ms)
Platform modules already initialized, skipping
Registering precompiled user dll's ...
Registered in 0.003778 seconds.
Begin MonoManager ReloadAssembly
Native extension for WindowsStandalone target not found
Refreshing native plugins compatible for Editor in 1.12 ms, found 2 plugins.
Preloading 0 native plugins for Editor in 0.00 ms.
Mono: successfully reloaded assembly
- Completed reload, in  2.940 seconds
Domain Reload Profiling:
	ReloadAssembly (2941ms)
		BeginReloadAssembly (216ms)
			ExecutionOrderSort (0ms)
			DisableScriptedObjects (7ms)
			BackupInstance (0ms)
			ReleaseScriptingObjects (0ms)
			CreateAndSetChildDomain (28ms)
		EndReloadAssembly (2618ms)
			LoadAssemblies (1282ms)
			RebuildTransferFunctionScriptingTraits (0ms)
			SetupTypeCache (535ms)
			ReleaseScriptCaches (1ms)
			RebuildScriptCaches (84ms)
			SetupLoadedEditorAssemblies (537ms)
				LogAssemblyErrors (0ms)
				InitializePlatformSupportModulesInManaged (7ms)
				SetLoadedEditorAssemblies (1ms)
				RefreshPlugins (1ms)
				BeforeProcessingInitializeOnLoad (154ms)
				ProcessInitializeOnLoadAttributes (363ms)
				ProcessInitializeOnLoadMethodAttributes (6ms)
				AfterProcessingInitializeOnLoad (4ms)
				EditorAssembliesLoaded (0ms)
			ExecutionOrderSort2 (0ms)
			AwakeInstancesAfterBackupRestoration (11ms)
Platform modules already initialized, skipping
========================================================================
Worker process is ready to serve import requests
Launched and connected shader compiler UnityShaderCompiler.exe after 0.32 seconds
Refreshing native plugins compatible for Editor in 1.07 ms, found 2 plugins.
Preloading 0 native plugins for Editor in 0.00 ms.
Unloading 1820 Unused Serialized files (Serialized files now loaded: 0)
System memory in use before: 81.8 MB.
System memory in use after: 81.9 MB.

Unloading 16 unused Assets to reduce memory usage. Loaded Objects now: 2254.
Total: 4.832753 ms (FindLiveObjects: 0.353872 ms CreateObjectMapping: 0.094075 ms MarkObjects: 4.274130 ms  DeleteObjects: 0.109220 ms)

AssetImportParameters requested are different than current active one (requested -> active):
  custom:framework-win-MediaFoundation: 216162199b28c13a410421893ffa2e32 -> 
  custom:video-decoder-ogg-theora: a1e56fd34408186e4bbccfd4996cb3dc -> 
  custom:container-muxer-webm: aa71ff27fc2769a1b78a27578f13a17b -> 
  custom:container-demuxer-webm: 4f35f7cbe854078d1ac9338744f61a02 -> 
  custom:container-demuxer-ogg: 62fdf1f143b41e24485cea50d1cbac27 -> 
  custom:video-encoder-webm-vp8: eb34c28f22e8b96e1ab97ce403110664 -> 
  custom:video-decoder-webm-vp8: 9c59270c3fd7afecdb556c50c9e8de78 -> 
  custom:audio-decoder-ogg-vorbis: bf7c407c2cedff20999df2af8eb42d56 -> 
  custom:audio-encoder-webm-vorbis: bf7c407c2cedff20999df2af8eb42d56 -> 
========================================================================
Received Import Request.
  path: Assets/frame/style03_color10.png
  artifactKey: Guid(90236b43bfb074c40a0077d945455281) Importer(815301076,1909f56bfc062723c751e8b465ee728b)
Start importing Assets/frame/style03_color10.png using Guid(90236b43bfb074c40a0077d945455281) Importer(815301076,1909f56bfc062723c751e8b465ee728b)  -> (artifact id: 'e3afef2e48531e3ef5e80e9f31c98810') in 3.390293 seconds 
  Import took 3.395465 seconds .

========================================================================
Received Import Request.
  Time since last request: 0.000413 seconds.
  path: Assets/frame/style03_color05.png
  artifactKey: Guid(d4abf3d85c38833499a377d8565c0fee) Importer(815301076,1909f56bfc062723c751e8b465ee728b)
Start importing Assets/frame/style03_color05.png using Guid(d4abf3d85c38833499a377d8565c0fee) Importer(815301076,1909f56bfc062723c751e8b465ee728b)  -> (artifact id: 'cf0074a902476c809680fbf93ef2f4dd') in 0.019220 seconds 
  Import took 0.024535 seconds .

========================================================================
Received Import Request.
  Time since last request: 0.000315 seconds.
  path: Assets/frame/style02_color05.png
  artifactKey: Guid(bb457fdb3d9a2cf419bab65444802dd8) Importer(815301076,1909f56bfc062723c751e8b465ee728b)
Start importing Assets/frame/style02_color05.png using Guid(bb457fdb3d9a2cf419bab65444802dd8) Importer(815301076,1909f56bfc062723c751e8b465ee728b)  -> (artifact id: '4076c7045df0c685ce619b63c34db94f') in 0.021200 seconds 
  Import took 0.026509 seconds .

========================================================================
Received Import Request.
  Time since last request: 0.000248 seconds.
  path: Assets/frame/style03_color03.png
  artifactKey: Guid(fc267e19b8c3b4346bbc18b9e82dd661) Importer(815301076,1909f56bfc062723c751e8b465ee728b)
Start importing Assets/frame/style03_color03.png using Guid(fc267e19b8c3b4346bbc18b9e82dd661) Importer(815301076,1909f56bfc062723c751e8b465ee728b)  -> (artifact id: '7dbfa49dc2ffbb7ccc2f62847fa51762') in 0.021193 seconds 
  Import took 0.025634 seconds .

========================================================================
Received Import Request.
  Time since last request: 0.000219 seconds.
  path: Assets/frame/style02_color09.png
  artifactKey: Guid(04fcf615fef62d6498d67c68d6693933) Importer(815301076,1909f56bfc062723c751e8b465ee728b)
Start importing Assets/frame/style02_color09.png using Guid(04fcf615fef62d6498d67c68d6693933) Importer(815301076,1909f56bfc062723c751e8b465ee728b)  -> (artifact id: 'da2a1a317a14a3dd1e87718ae2eebef6') in 0.014021 seconds 
  Import took 0.018720 seconds .

========================================================================
Received Import Request.
  Time since last request: 0.000292 seconds.
  path: Assets/frame/style03_color02.png
  artifactKey: Guid(1d8dadc268a7d7044a73afee1710a8f8) Importer(815301076,1909f56bfc062723c751e8b465ee728b)
Start importing Assets/frame/style03_color02.png using Guid(1d8dadc268a7d7044a73afee1710a8f8) Importer(815301076,1909f56bfc062723c751e8b465ee728b)  -> (artifact id: '34e622b6f02e6fa99058c9a0797987c2') in 0.016921 seconds 
  Import took 0.022575 seconds .

========================================================================
Received Import Request.
  Time since last request: 0.000283 seconds.
  path: Assets/frame/style02_color10.png
  artifactKey: Guid(81f2fc5dfa2f29d4bb734f36c1b28f4a) Importer(815301076,1909f56bfc062723c751e8b465ee728b)
Start importing Assets/frame/style02_color10.png using Guid(81f2fc5dfa2f29d4bb734f36c1b28f4a) Importer(815301076,1909f56bfc062723c751e8b465ee728b)  -> (artifact id: '23f7711cc0ec95efee3fcf38685d6445') in 0.026291 seconds 
  Import took 0.032918 seconds .

========================================================================
Received Import Request.
  Time since last request: 0.000361 seconds.
  path: Assets/frame/style03_color04.png
  artifactKey: Guid(b1524f1505ecdc34aa850a56f99572b8) Importer(815301076,1909f56bfc062723c751e8b465ee728b)
Start importing Assets/frame/style03_color04.png using Guid(b1524f1505ecdc34aa850a56f99572b8) Importer(815301076,1909f56bfc062723c751e8b465ee728b)  -> (artifact id: '73bb40388bf762aa89e581d0577f2c23') in 0.017214 seconds 
  Import took 0.023149 seconds .

========================================================================
Received Import Request.
  Time since last request: 0.000243 seconds.
  path: Assets/frame/style02_color08.png
  artifactKey: Guid(46ede435fa317c4478735b47e947bb95) Importer(815301076,1909f56bfc062723c751e8b465ee728b)
Start importing Assets/frame/style02_color08.png using Guid(46ede435fa317c4478735b47e947bb95) Importer(815301076,1909f56bfc062723c751e8b465ee728b)  -> (artifact id: '612b34172f502d2379b5625fab22b771') in 0.014649 seconds 
  Import took 0.019448 seconds .

========================================================================
Received Import Request.
  Time since last request: 0.000198 seconds.
  path: Assets/frame/style02_color02.png
  artifactKey: Guid(4ad4ac33214e686468187e4bf1bd1621) Importer(815301076,1909f56bfc062723c751e8b465ee728b)
Start importing Assets/frame/style02_color02.png using Guid(4ad4ac33214e686468187e4bf1bd1621) Importer(815301076,1909f56bfc062723c751e8b465ee728b)  -> (artifact id: 'b06dba3bc531daff01eb4bee7bb9f558') in 0.016996 seconds 
  Import took 0.022301 seconds .

========================================================================
Received Import Request.
  Time since last request: 0.000202 seconds.
  path: Assets/frame/style03_color09.png
  artifactKey: Guid(38adc02a3b8722448b7794e007baa73e) Importer(815301076,1909f56bfc062723c751e8b465ee728b)
Start importing Assets/frame/style03_color09.png using Guid(38adc02a3b8722448b7794e007baa73e) Importer(815301076,1909f56bfc062723c751e8b465ee728b)  -> (artifact id: '3b05eb74b7d980b258b4d61c67cc3cd9') in 0.024178 seconds 
  Import took 0.029100 seconds .

========================================================================
Received Import Request.
  Time since last request: 0.000245 seconds.
  path: Assets/resource
  artifactKey: Guid(11e7a3d8df94d9a46a065f70681236e2) Importer(815301076,1909f56bfc062723c751e8b465ee728b)
Start importing Assets/resource using Guid(11e7a3d8df94d9a46a065f70681236e2) Importer(815301076,1909f56bfc062723c751e8b465ee728b)  -> (artifact id: 'f9f6a7f9b8aa7158c9bc6d4b5578dabe') in 0.001931 seconds 
  Import took 0.005949 seconds .

========================================================================
Received Import Request.
  Time since last request: 0.000201 seconds.
  path: Assets/frame/style03_color11.png
  artifactKey: Guid(91b545ef0d6e07d44835a7b72df7ceb8) Importer(815301076,1909f56bfc062723c751e8b465ee728b)
Start importing Assets/frame/style03_color11.png using Guid(91b545ef0d6e07d44835a7b72df7ceb8) Importer(815301076,1909f56bfc062723c751e8b465ee728b)  -> (artifact id: '6da44e4730cb617f4f94187c47eddae9') in 0.014497 seconds 
  Import took 0.019151 seconds .

========================================================================
Received Import Request.
  Time since last request: 0.000200 seconds.
  path: Assets/frame/style03_color07.png
  artifactKey: Guid(42f2de012af3def40b2b7b785a365036) Importer(815301076,1909f56bfc062723c751e8b465ee728b)
Start importing Assets/frame/style03_color07.png using Guid(42f2de012af3def40b2b7b785a365036) Importer(815301076,1909f56bfc062723c751e8b465ee728b)  -> (artifact id: '305d0fd5bec44dcd2dc3fc5586c352f1') in 0.022628 seconds 
  Import took 0.026761 seconds .

========================================================================
Received Import Request.
  Time since last request: 0.000198 seconds.
  path: Assets/frame/style02_color04.png
  artifactKey: Guid(ec81a5f86f82eaf4786b4d968242e087) Importer(815301076,1909f56bfc062723c751e8b465ee728b)
Start importing Assets/frame/style02_color04.png using Guid(ec81a5f86f82eaf4786b4d968242e087) Importer(815301076,1909f56bfc062723c751e8b465ee728b)  -> (artifact id: 'ece4c0587c4777c1a666a51c2cfdfe04') in 0.019749 seconds 
  Import took 0.023968 seconds .

========================================================================
Received Import Request.
  Time since last request: 0.000231 seconds.
  path: Assets/frame/style02_color01.png
  artifactKey: Guid(5e1e77662aea1fd4cb16c6d627d08e24) Importer(815301076,1909f56bfc062723c751e8b465ee728b)
Start importing Assets/frame/style02_color01.png using Guid(5e1e77662aea1fd4cb16c6d627d08e24) Importer(815301076,1909f56bfc062723c751e8b465ee728b)  -> (artifact id: '4ee85aa0e432c84d292249c6153b44bb') in 0.017463 seconds 
  Import took 0.022628 seconds .

========================================================================
Received Import Request.
  Time since last request: 0.000197 seconds.
  path: Assets/frame
  artifactKey: Guid(51f0ab80b32f9d74fa67fa8a14c400c4) Importer(815301076,1909f56bfc062723c751e8b465ee728b)
Start importing Assets/frame using Guid(51f0ab80b32f9d74fa67fa8a14c400c4) Importer(815301076,1909f56bfc062723c751e8b465ee728b)  -> (artifact id: 'aff66a03d356a8e850280852668a936b') in 0.002373 seconds 
  Import took 0.006813 seconds .

========================================================================
Received Import Request.
  Time since last request: 0.000178 seconds.
  path: Assets/frame/style03_color08.png
  artifactKey: Guid(1cd4521552035ab4ebf6723c91a5dbb9) Importer(815301076,1909f56bfc062723c751e8b465ee728b)
Start importing Assets/frame/style03_color08.png using Guid(1cd4521552035ab4ebf6723c91a5dbb9) Importer(815301076,1909f56bfc062723c751e8b465ee728b)  -> (artifact id: '9ada4aa2b4623807becbf5491c2cf766') in 0.024365 seconds 
  Import took 0.028539 seconds .

========================================================================
Received Import Request.
  Time since last request: 0.000236 seconds.
  path: Assets/frame/style03_color01.png
  artifactKey: Guid(637cbaf872e1c8e4795f1bc54d6363d8) Importer(815301076,1909f56bfc062723c751e8b465ee728b)
Start importing Assets/frame/style03_color01.png using Guid(637cbaf872e1c8e4795f1bc54d6363d8) Importer(815301076,1909f56bfc062723c751e8b465ee728b)  -> (artifact id: '8eb9f4e1c440a28ac6b525e3f0cf51c6') in 0.021530 seconds 
  Import took 0.026555 seconds .

========================================================================
Received Import Request.
  Time since last request: 0.000284 seconds.
  path: Assets/frame/style03_color06.png
  artifactKey: Guid(7eaae097a61a79d408be6b2e7c0dc351) Importer(815301076,1909f56bfc062723c751e8b465ee728b)
Start importing Assets/frame/style03_color06.png using Guid(7eaae097a61a79d408be6b2e7c0dc351) Importer(815301076,1909f56bfc062723c751e8b465ee728b)  -> (artifact id: '1143bb6fc24a9e9267e20d8aaf2b39d0') in 0.015047 seconds 
  Import took 0.019991 seconds .

========================================================================
Received Import Request.
  Time since last request: 0.000214 seconds.
  path: Assets/frame/style02_color03.png
  artifactKey: Guid(c41f3809f74866c4d8eafac95dc74af3) Importer(815301076,1909f56bfc062723c751e8b465ee728b)
Start importing Assets/frame/style02_color03.png using Guid(c41f3809f74866c4d8eafac95dc74af3) Importer(815301076,1909f56bfc062723c751e8b465ee728b)  -> (artifact id: 'fba09cf1f351cd4affbdf5e3b5668c10') in 0.014942 seconds 
  Import took 0.019826 seconds .

========================================================================
Received Import Request.
  Time since last request: 0.000182 seconds.
  path: Assets/frame/style02_color07.png
  artifactKey: Guid(f749d6f5fe71dcf48beb9d9045cee173) Importer(815301076,1909f56bfc062723c751e8b465ee728b)
Start importing Assets/frame/style02_color07.png using Guid(f749d6f5fe71dcf48beb9d9045cee173) Importer(815301076,1909f56bfc062723c751e8b465ee728b)  -> (artifact id: 'cf46723b57fb868ca902ff3a418c8de9') in 0.016434 seconds 
  Import took 0.021500 seconds .

========================================================================
Received Import Request.
  Time since last request: 0.000210 seconds.
  path: Assets/frame/style02_color11.png
  artifactKey: Guid(06a0f9dc8b16bfb41ae18b8220a060fe) Importer(815301076,1909f56bfc062723c751e8b465ee728b)
Start importing Assets/frame/style02_color11.png using Guid(06a0f9dc8b16bfb41ae18b8220a060fe) Importer(815301076,1909f56bfc062723c751e8b465ee728b)  -> (artifact id: '1d778694a85713d597ee0471ebf62b81') in 0.022107 seconds 
  Import took 0.026935 seconds .

========================================================================
Received Import Request.
  Time since last request: 0.000239 seconds.
  path: Assets/frame/style02_color12.png
  artifactKey: Guid(52d4d4113ecc978459f07175ead258aa) Importer(815301076,1909f56bfc062723c751e8b465ee728b)
Start importing Assets/frame/style02_color12.png using Guid(52d4d4113ecc978459f07175ead258aa) Importer(815301076,1909f56bfc062723c751e8b465ee728b)  -> (artifact id: '3eb2ac900c04dc0875fd8a50e82816cd') in 0.017508 seconds 
  Import took 0.021968 seconds .

========================================================================
Received Import Request.
  Time since last request: 0.000204 seconds.
  path: Assets/frame/style02_color06.png
  artifactKey: Guid(1ea9f4039bebf564a95f88fcd241db19) Importer(815301076,1909f56bfc062723c751e8b465ee728b)
Start importing Assets/frame/style02_color06.png using Guid(1ea9f4039bebf564a95f88fcd241db19) Importer(815301076,1909f56bfc062723c751e8b465ee728b)  -> (artifact id: '5b2bdcb22ca2dd205427106df3d61485') in 0.019173 seconds 
  Import took 0.023809 seconds .

========================================================================
Received Import Request.
  Time since last request: 0.000253 seconds.
  path: Assets/frame/style03_color12.png
  artifactKey: Guid(984d0a6281d2e6e449db06480c57bf62) Importer(815301076,1909f56bfc062723c751e8b465ee728b)
Start importing Assets/frame/style03_color12.png using Guid(984d0a6281d2e6e449db06480c57bf62) Importer(815301076,1909f56bfc062723c751e8b465ee728b)  -> (artifact id: '1991e0b0fe9e8eba335c749db5f4eca3') in 0.023238 seconds 
  Import took 0.028054 seconds .

========================================================================
Received Import Request.
  Time since last request: 0.000221 seconds.
  path: Assets/Scenes
  artifactKey: Guid(e39ebe1a180ba544db8954998a691dcc) Importer(815301076,1909f56bfc062723c751e8b465ee728b)
Start importing Assets/Scenes using Guid(e39ebe1a180ba544db8954998a691dcc) Importer(815301076,1909f56bfc062723c751e8b465ee728b)  -> (artifact id: 'bba5b7527d9983b009a052fef6a26e5e') in 0.002509 seconds 
  Import took 0.006843 seconds .

========================================================================
Received Prepare
Registering precompiled user dll's ...
Registered in 0.063956 seconds.
Begin MonoManager ReloadAssembly
Native extension for WindowsStandalone target not found
Refreshing native plugins compatible for Editor in 1.10 ms, found 2 plugins.
Preloading 0 native plugins for Editor in 0.00 ms.
Mono: successfully reloaded assembly
- Completed reload, in  3.914 seconds
Domain Reload Profiling:
	ReloadAssembly (3934ms)
		BeginReloadAssembly (1680ms)
			ExecutionOrderSort (0ms)
			DisableScriptedObjects (202ms)
			BackupInstance (0ms)
			ReleaseScriptingObjects (33ms)
			CreateAndSetChildDomain (848ms)
		EndReloadAssembly (2019ms)
			LoadAssemblies (313ms)
			RebuildTransferFunctionScriptingTraits (0ms)
			SetupTypeCache (652ms)
			ReleaseScriptCaches (1ms)
			RebuildScriptCaches (72ms)
			SetupLoadedEditorAssemblies (567ms)
				LogAssemblyErrors (0ms)
				InitializePlatformSupportModulesInManaged (22ms)
				SetLoadedEditorAssemblies (1ms)
				RefreshPlugins (1ms)
				BeforeProcessingInitializeOnLoad (150ms)
				ProcessInitializeOnLoadAttributes (384ms)
				ProcessInitializeOnLoadMethodAttributes (6ms)
				AfterProcessingInitializeOnLoad (3ms)
				EditorAssembliesLoaded (0ms)
			ExecutionOrderSort2 (0ms)
			AwakeInstancesAfterBackupRestoration (12ms)
Platform modules already initialized, skipping
Switching build target platform(19) subTarget(0) extendedPlatform(0) -> platform(13) subTarget(537395200) extendedPlatform(0)
Refreshing native plugins compatible for Editor in 1.23 ms, found 2 plugins.
Preloading 0 native plugins for Editor in 0.00 ms.
Unloading 1813 Unused Serialized files (Serialized files now loaded: 0)
System memory in use before: 84.1 MB.
System memory in use after: 84.2 MB.

Unloading 12 unused Assets to reduce memory usage. Loaded Objects now: 2263.
Total: 26.526112 ms (FindLiveObjects: 0.482023 ms CreateObjectMapping: 0.218439 ms MarkObjects: 25.791573 ms  DeleteObjects: 0.030290 ms)

AssetImportParameters requested are different than current active one (requested -> active):
  custom:framework-win-MediaFoundation: 216162199b28c13a410421893ffa2e32 -> 
  custom:video-decoder-ogg-theora: a1e56fd34408186e4bbccfd4996cb3dc -> 
  custom:container-muxer-webm: aa71ff27fc2769a1b78a27578f13a17b -> 
  custom:container-demuxer-webm: 4f35f7cbe854078d1ac9338744f61a02 -> 
  custom:container-demuxer-ogg: 62fdf1f143b41e24485cea50d1cbac27 -> 
  custom:video-encoder-webm-vp8: eb34c28f22e8b96e1ab97ce403110664 -> 
  custom:video-decoder-webm-vp8: 9c59270c3fd7afecdb556c50c9e8de78 -> 
  custom:graphics/normal-map-encoding: 01000000000000000000000000000000 -> 02000000000000000000000000000000
  custom:audio-decoder-ogg-vorbis: bf7c407c2cedff20999df2af8eb42d56 -> 
  custom:audio-encoder-webm-vorbis: bf7c407c2cedff20999df2af8eb42d56 -> 
========================================================================
Received Import Request.
  Time since last request: 17176.294491 seconds.
  path: Assets/Scenes/Main.unity
  artifactKey: Guid(f31f8c2d2aa19ae4289544683711fd01) Importer(815301076,1909f56bfc062723c751e8b465ee728b)
Start importing Assets/Scenes/Main.unity using Guid(f31f8c2d2aa19ae4289544683711fd01) Importer(815301076,1909f56bfc062723c751e8b465ee728b)  -> (artifact id: 'f40ecf2d6ff22709f58f1b86d598d550') in 0.108710 seconds 
  Import took 0.144843 seconds .

========================================================================
Received Import Request.
  Time since last request: 1.000269 seconds.
  path: Assets/Scenes/SampleScene.unity
  artifactKey: Guid(9fc0d4010bbf28b4594072e72b8655ab) Importer(815301076,1909f56bfc062723c751e8b465ee728b)
Start importing Assets/Scenes/SampleScene.unity using Guid(9fc0d4010bbf28b4594072e72b8655ab) Importer(815301076,1909f56bfc062723c751e8b465ee728b)  -> (artifact id: '85059f4f9e1a832ed95adaa0d25c5c4c') in 0.002896 seconds 
  Import took 0.007782 seconds .

========================================================================
Received Import Request.
  Time since last request: 33.893977 seconds.
  path: Assets/Scenes/Main.lighting
  artifactKey: Guid(93793aa5efa5e594c88591253bcd5a91) Importer(815301076,1909f56bfc062723c751e8b465ee728b)
Start importing Assets/Scenes/Main.lighting using Guid(93793aa5efa5e594c88591253bcd5a91) Importer(815301076,1909f56bfc062723c751e8b465ee728b)  -> (artifact id: '260f4a36aed2f49c4c7776545d3496ab') in 0.138286 seconds 
  Import took 0.145071 seconds .

========================================================================
Received Import Request.
  Time since last request: 3101.239703 seconds.
  path: Assets/Scenes/Main
  artifactKey: Guid(332cc172fcae2c942a351cecd592c6cb) Importer(815301076,1909f56bfc062723c751e8b465ee728b)
Start importing Assets/Scenes/Main using Guid(332cc172fcae2c942a351cecd592c6cb) Importer(815301076,1909f56bfc062723c751e8b465ee728b)  -> (artifact id: 'd6cb8d0567414e06b11064cfa4d520a5') in 0.003057 seconds 
  Import took 0.008534 seconds .

========================================================================
Received Import Request.
  Time since last request: 0.166278 seconds.
  path: Assets/Scenes/Main/LightingData.asset
  artifactKey: Guid(80d1fbfbb5712b74aa552bb570ecab9c) Importer(815301076,1909f56bfc062723c751e8b465ee728b)
Start importing Assets/Scenes/Main/LightingData.asset using Guid(80d1fbfbb5712b74aa552bb570ecab9c) Importer(815301076,1909f56bfc062723c751e8b465ee728b)  -> (artifact id: '8e97287f0808ff78021304cc54e3b838') in 0.056806 seconds 
  Import took 0.080911 seconds .

========================================================================
Received Import Request.
  Time since last request: 216.448712 seconds.
  path: Assets/StarterAssets
  artifactKey: Guid(f7811239889f7544aac8dc191fa67d05) Importer(815301076,1909f56bfc062723c751e8b465ee728b)
Start importing Assets/StarterAssets using Guid(f7811239889f7544aac8dc191fa67d05) Importer(815301076,1909f56bfc062723c751e8b465ee728b)  -> (artifact id: 'cacfc358e40e35743a7955b211f188f8') in 0.011497 seconds 
  Import took 0.017244 seconds .

========================================================================
Received Import Request.
  Time since last request: 1.678473 seconds.
  path: Assets/StarterAssets/Environment
  artifactKey: Guid(8d8da06649314d7498296c53b4a0a77a) Importer(815301076,1909f56bfc062723c751e8b465ee728b)
Start importing Assets/StarterAssets/Environment using Guid(8d8da06649314d7498296c53b4a0a77a) Importer(815301076,1909f56bfc062723c751e8b465ee728b)  -> (artifact id: '6c3cefb7cdd29f01e00116932c9ccb25') in 0.013536 seconds 
  Import took 0.018957 seconds .

========================================================================
Received Import Request.
  Time since last request: 0.651312 seconds.
  path: Assets/StarterAssets/Environment/Art
  artifactKey: Guid(bc688fc4c70b02044b054f994d6e36e6) Importer(815301076,1909f56bfc062723c751e8b465ee728b)
Start importing Assets/StarterAssets/Environment/Art using Guid(bc688fc4c70b02044b054f994d6e36e6) Importer(815301076,1909f56bfc062723c751e8b465ee728b)  -> (artifact id: 'adfad7c3ba2b998971617001bdba896f') in 0.002409 seconds 
  Import took 0.007277 seconds .

========================================================================
Received Import Request.
  Time since last request: 110.197985 seconds.
  path: Assets
  artifactKey: Guid(00000000000000001000000000000000) Importer(815301076,1909f56bfc062723c751e8b465ee728b)
Start importing Assets using Guid(00000000000000001000000000000000) Importer(815301076,1909f56bfc062723c751e8b465ee728b)  -> (artifact id: '42d402b061de3733987d63b9cc3b64de') in 0.002423 seconds 
  Import took 0.008317 seconds .

========================================================================
Received Import Request.
  Time since last request: 5.162501 seconds.
  path: Assets/Dev
  artifactKey: Guid(44c90e141e204af4abb2e8177081a476) Importer(815301076,1909f56bfc062723c751e8b465ee728b)
Start importing Assets/Dev using Guid(44c90e141e204af4abb2e8177081a476) Importer(815301076,1909f56bfc062723c751e8b465ee728b)  -> (artifact id: 'c882457187634bc51d34a2003689a168') in 0.002121 seconds 
  Import took 0.006895 seconds .

========================================================================
Received Import Request.
  Time since last request: 6.202185 seconds.
  path: Assets/Pub
  artifactKey: Guid(0ab0f6f513a687043a8f2dace212358e) Importer(815301076,1909f56bfc062723c751e8b465ee728b)
Start importing Assets/Pub using Guid(0ab0f6f513a687043a8f2dace212358e) Importer(815301076,1909f56bfc062723c751e8b465ee728b)  -> (artifact id: '331643957a24e31aaa523975fc2017ab') in 0.002204 seconds 
  Import took 0.007320 seconds .

========================================================================
Received Import Request.
  Time since last request: 151.466098 seconds.
  path: Assets/XR
  artifactKey: Guid(7ec13b0b54aaec24981f7ff7ec8d273a) Importer(815301076,1909f56bfc062723c751e8b465ee728b)
Start importing Assets/XR using Guid(7ec13b0b54aaec24981f7ff7ec8d273a) Importer(815301076,1909f56bfc062723c751e8b465ee728b)  -> (artifact id: 'b06edf2e99b4369f645052df27e22142') in 0.002677 seconds 
  Import took 0.008678 seconds .

========================================================================
Received Import Request.
  Time since last request: 0.006481 seconds.
  path: Assets/XR
  artifactKey: Guid(7ec13b0b54aaec24981f7ff7ec8d273a) Importer(815301076,1909f56bfc062723c751e8b465ee728b)
Start importing Assets/XR using Guid(7ec13b0b54aaec24981f7ff7ec8d273a) Importer(815301076,1909f56bfc062723c751e8b465ee728b)  -> (artifact id: 'b06edf2e99b4369f645052df27e22142') in 0.001852 seconds 
  Import took 0.016475 seconds .

========================================================================
Received Import Request.
  Time since last request: 0.053911 seconds.
  path: Assets/XR/XRGeneralSettings.asset
  artifactKey: Guid(250f7bb793fdc7e418273ad88bf492ea) Importer(815301076,1909f56bfc062723c751e8b465ee728b)
Start importing Assets/XR/XRGeneralSettings.asset using Guid(250f7bb793fdc7e418273ad88bf492ea) Importer(815301076,1909f56bfc062723c751e8b465ee728b)  -> (artifact id: '7182f3d92f815982882f7201ce4ce639') in 0.011347 seconds 
  Import took 0.016599 seconds .

========================================================================
Received Import Request.
  Time since last request: 25.489875 seconds.
  path: Assets/Dev/Imported
  artifactKey: Guid(e04b330b31d47254a92754f6b8dfa06c) Importer(815301076,1909f56bfc062723c751e8b465ee728b)
Start importing Assets/Dev/Imported using Guid(e04b330b31d47254a92754f6b8dfa06c) Importer(815301076,1909f56bfc062723c751e8b465ee728b)  -> (artifact id: '57961293b50519545b10e0d38945bb41') in 0.002529 seconds 
  Import took 0.007661 seconds .

========================================================================
Received Import Request.
  Time since last request: 23.424382 seconds.
  path: Assets/Dev/Inport
  artifactKey: Guid(e04b330b31d47254a92754f6b8dfa06c) Importer(815301076,1909f56bfc062723c751e8b465ee728b)
Start importing Assets/Dev/Inport using Guid(e04b330b31d47254a92754f6b8dfa06c) Importer(815301076,1909f56bfc062723c751e8b465ee728b)  -> (artifact id: '8027037ea591ce88ca501f4644ed31f2') in 0.002303 seconds 
  Import took 0.007093 seconds .

========================================================================
Received Import Request.
  Time since last request: 261.472412 seconds.
  path: Assets/Dev/Import
  artifactKey: Guid(e04b330b31d47254a92754f6b8dfa06c) Importer(815301076,1909f56bfc062723c751e8b465ee728b)
Start importing Assets/Dev/Import using Guid(e04b330b31d47254a92754f6b8dfa06c) Importer(815301076,1909f56bfc062723c751e8b465ee728b)  -> (artifact id: '8e666ee25d039eee3820b6a20e871e74') in 0.046601 seconds 
  Import took 0.051783 seconds .

========================================================================
Received Import Request.
  Time since last request: 7.125083 seconds.
  path: Assets/Dev/Materials
  artifactKey: Guid(33ee6aae69267ee42b2f7ec8ef6b3d4e) Importer(815301076,1909f56bfc062723c751e8b465ee728b)
Start importing Assets/Dev/Materials using Guid(33ee6aae69267ee42b2f7ec8ef6b3d4e) Importer(815301076,1909f56bfc062723c751e8b465ee728b)  -> (artifact id: '5de0c9a09ba667bcf845c29e88991216') in 0.002188 seconds 
  Import took 0.006837 seconds .

========================================================================
Received Import Request.
  Time since last request: 13.502845 seconds.
  path: Assets/Dev/Import/StarterAssets/Environment/Art/Materials
  artifactKey: Guid(62e09e1e4aed9424ba218499f11ea644) Importer(815301076,1909f56bfc062723c751e8b465ee728b)
Start importing Assets/Dev/Import/StarterAssets/Environment/Art/Materials using Guid(62e09e1e4aed9424ba218499f11ea644) Importer(815301076,1909f56bfc062723c751e8b465ee728b)  -> (artifact id: 'dd4c49ad5bea3c17c85ab390d42bf1ae') in 0.002612 seconds 
  Import took 0.008634 seconds .

========================================================================
Received Import Request.
  Time since last request: 0.087622 seconds.
  path: Assets/Dev/Import/StarterAssets/Environment/Art/Materials/Blue_Mat.mat
  artifactKey: Guid(979aef027a1c86c42a15ce35fce366fa) Importer(815301076,1909f56bfc062723c751e8b465ee728b)
Start importing Assets/Dev/Import/StarterAssets/Environment/Art/Materials/Blue_Mat.mat using Guid(979aef027a1c86c42a15ce35fce366fa) Importer(815301076,1909f56bfc062723c751e8b465ee728b)  -> (artifact id: '12cc0a22af1f3b7a3ae25c7761732e6e') in 2.340713 seconds 
  Import took 2.346018 seconds .

========================================================================
Received Import Request.
  Time since last request: 0.000222 seconds.
  path: Assets/Dev/Import/StarterAssets/Environment/Art/Materials/GridWhite_01_Mat.mat
  artifactKey: Guid(dbf898c9f9c4a2d46aa6336e23caeb61) Importer(815301076,1909f56bfc062723c751e8b465ee728b)
Start importing Assets/Dev/Import/StarterAssets/Environment/Art/Materials/GridWhite_01_Mat.mat using Guid(dbf898c9f9c4a2d46aa6336e23caeb61) Importer(815301076,1909f56bfc062723c751e8b465ee728b)  -> (artifact id: '15f566ae9d5ac15be41980936f0487ee') in 0.419812 seconds 
  Import took 0.452461 seconds .

========================================================================
Received Import Request.
  Time since last request: 0.000230 seconds.
  path: Assets/Dev/Import/StarterAssets/Environment/Art/Materials/GridOrange_01_Mat.mat
  artifactKey: Guid(7ab977a21c92388468ee65ad1c0e5a78) Importer(815301076,1909f56bfc062723c751e8b465ee728b)
Start importing Assets/Dev/Import/StarterAssets/Environment/Art/Materials/GridOrange_01_Mat.mat using Guid(7ab977a21c92388468ee65ad1c0e5a78) Importer(815301076,1909f56bfc062723c751e8b465ee728b)  -> (artifact id: '84a7c5628ea112de5b71d27a71f931b3') in 0.160360 seconds 
  Import took 0.165007 seconds .

========================================================================
Received Import Request.
  Time since last request: 0.000193 seconds.
  path: Assets/Dev/Import/StarterAssets/Environment/Art/Materials/GridBlue_01_Mat.mat
  artifactKey: Guid(ff188f58422043f489060e28a5e4e0c0) Importer(815301076,1909f56bfc062723c751e8b465ee728b)
Start importing Assets/Dev/Import/StarterAssets/Environment/Art/Materials/GridBlue_01_Mat.mat using Guid(ff188f58422043f489060e28a5e4e0c0) Importer(815301076,1909f56bfc062723c751e8b465ee728b)  -> (artifact id: '897ea3269f048ae5dd8fda1cbe3d46da') in 0.181481 seconds 
  Import took 0.186234 seconds .

========================================================================
Received Import Request.
  Time since last request: 0.000225 seconds.
  path: Assets/Dev/Import/StarterAssets/Environment/Art/Materials/GreyBlue_Mat.mat
  artifactKey: Guid(6b911390c5825014e8377183a7837d3f) Importer(815301076,1909f56bfc062723c751e8b465ee728b)
Start importing Assets/Dev/Import/StarterAssets/Environment/Art/Materials/GreyBlue_Mat.mat using Guid(6b911390c5825014e8377183a7837d3f) Importer(815301076,1909f56bfc062723c751e8b465ee728b)  -> (artifact id: '12e2a2cdd19d64c763c00d30394a832d') in 0.092531 seconds 
  Import took 0.097407 seconds .

========================================================================
Received Import Request.
  Time since last request: 12.556085 seconds.
  path: Assets/Dev/Import/StarterAssets/Environment/Art/Textures
  artifactKey: Guid(ed5cc06472bb24d419458b6ece5b79eb) Importer(815301076,1909f56bfc062723c751e8b465ee728b)
Start importing Assets/Dev/Import/StarterAssets/Environment/Art/Textures using Guid(ed5cc06472bb24d419458b6ece5b79eb) Importer(815301076,1909f56bfc062723c751e8b465ee728b)  -> (artifact id: '223be5ad34c29780385abaa4da9dfb9c') in 0.006003 seconds 
  Import took 0.011870 seconds .

========================================================================
Received Import Request.
  Time since last request: 0.074465 seconds.
  path: Assets/Dev/Import/StarterAssets/Environment/Art/Textures/Grid_01_BaseMap.png
  artifactKey: Guid(d1118dda59970a2449ee890fa247c4c5) Importer(815301076,1909f56bfc062723c751e8b465ee728b)
Start importing Assets/Dev/Import/StarterAssets/Environment/Art/Textures/Grid_01_BaseMap.png using Guid(d1118dda59970a2449ee890fa247c4c5) Importer(815301076,1909f56bfc062723c751e8b465ee728b)  -> (artifact id: '3771951406761d2c80937bb44bf84827') in 0.049761 seconds 
  Import took 0.054548 seconds .

========================================================================
Received Import Request.
  Time since last request: 0.000260 seconds.
  path: Assets/Dev/Import/StarterAssets/Environment/Art/Textures/Grid_01_Emissive.png
  artifactKey: Guid(d4d6919451fe3e24388816386a6d15a4) Importer(815301076,1909f56bfc062723c751e8b465ee728b)
Start importing Assets/Dev/Import/StarterAssets/Environment/Art/Textures/Grid_01_Emissive.png using Guid(d4d6919451fe3e24388816386a6d15a4) Importer(815301076,1909f56bfc062723c751e8b465ee728b)  -> (artifact id: '7868ba25523ab093a2b95ada117593d7') in 0.029880 seconds 
  Import took 0.034687 seconds .

========================================================================
Received Import Request.
  Time since last request: 0.000273 seconds.
  path: Assets/Dev/Import/StarterAssets/Environment/Art/Textures/Grid_02_BaseMap.png
  artifactKey: Guid(d9c0dd5cdac07b145be73329e489869a) Importer(815301076,1909f56bfc062723c751e8b465ee728b)
Start importing Assets/Dev/Import/StarterAssets/Environment/Art/Textures/Grid_02_BaseMap.png using Guid(d9c0dd5cdac07b145be73329e489869a) Importer(815301076,1909f56bfc062723c751e8b465ee728b)  -> (artifact id: '8333b9397a0f917c07a47b2bdb31e3bf') in 0.032440 seconds 
  Import took 0.037159 seconds .

========================================================================
Received Import Request.
  Time since last request: 0.000201 seconds.
  path: Assets/Dev/Import/StarterAssets/Environment/Art/Textures/Grid_01_Normal.png
  artifactKey: Guid(c5c221ed57a3bf6488f8eba0db28a004) Importer(815301076,1909f56bfc062723c751e8b465ee728b)
Start importing Assets/Dev/Import/StarterAssets/Environment/Art/Textures/Grid_01_Normal.png using Guid(c5c221ed57a3bf6488f8eba0db28a004) Importer(815301076,1909f56bfc062723c751e8b465ee728b)  -> (artifact id: 'a725cec49a583c674a57e7603dac5796') in 0.058410 seconds 
  Import took 0.073901 seconds .

========================================================================
Received Import Request.
  Time since last request: 17.695214 seconds.
  path: Assets/Dev/Textures
  artifactKey: Guid(6c39bb671f692fb44875520e6c0dbdac) Importer(815301076,1909f56bfc062723c751e8b465ee728b)
Start importing Assets/Dev/Textures using Guid(6c39bb671f692fb44875520e6c0dbdac) Importer(815301076,1909f56bfc062723c751e8b465ee728b)  -> (artifact id: 'bc2ba40b0a5160c4bd5abd483def83f1') in 0.002542 seconds 
  Import took 0.007489 seconds .

========================================================================
Received Import Request.
  Time since last request: 69.155938 seconds.
  path: Assets/Dev/Materials/Plane.mat
  artifactKey: Guid(022499d10739ad149aeb17c62e475f2e) Importer(815301076,1909f56bfc062723c751e8b465ee728b)
Start importing Assets/Dev/Materials/Plane.mat using Guid(022499d10739ad149aeb17c62e475f2e) Importer(815301076,1909f56bfc062723c751e8b465ee728b)  -> (artifact id: '4bcb6f3faf37a99d5c40a894e9d1ff97') in 0.013419 seconds 
  Import took 0.028030 seconds .

========================================================================
Received Import Request.
  Time since last request: 8.201785 seconds.
  path: Assets/Dev/Materials/Blueprint.mat
  artifactKey: Guid(022499d10739ad149aeb17c62e475f2e) Importer(815301076,1909f56bfc062723c751e8b465ee728b)
Start importing Assets/Dev/Materials/Blueprint.mat using Guid(022499d10739ad149aeb17c62e475f2e) Importer(815301076,1909f56bfc062723c751e8b465ee728b)  -> (artifact id: 'e44a78c2a1ab31e77a3fcbcfea50fc89') in 0.039362 seconds 
  Import took 0.046306 seconds .

========================================================================
Received Import Request.
  Time since last request: 344.702815 seconds.
  path: Assets/Dev/Import/resource/style01/shape001_style01_color01.png
  artifactKey: Guid(b5135ba72dad47e46998c429f8274c24) Importer(815301076,1909f56bfc062723c751e8b465ee728b)
Start importing Assets/Dev/Import/resource/style01/shape001_style01_color01.png using Guid(b5135ba72dad47e46998c429f8274c24) Importer(815301076,1909f56bfc062723c751e8b465ee728b)  -> (artifact id: 'b4f16c5065f57a0b5e748d5c8cdd3277') in 0.078052 seconds 
  Import took 0.083901 seconds .

========================================================================
Received Import Request.
  Time since last request: 0.000264 seconds.
  path: Assets/Dev/Import/resource/style01/shape001_style01_color03.png
  artifactKey: Guid(65771e3ce8f54c649a64c1e79dbf068e) Importer(815301076,1909f56bfc062723c751e8b465ee728b)
Start importing Assets/Dev/Import/resource/style01/shape001_style01_color03.png using Guid(65771e3ce8f54c649a64c1e79dbf068e) Importer(815301076,1909f56bfc062723c751e8b465ee728b)  -> (artifact id: '9114fb141e001756f1cc606884b87981') in 0.153779 seconds 
  Import took 0.165487 seconds .

========================================================================
Received Import Request.
  Time since last request: 0.000318 seconds.
  path: Assets/Dev/Import/resource/style01/shape001_style01_color04.png
  artifactKey: Guid(e7a36fd303aae6c4fab731d6f90b1dd3) Importer(815301076,1909f56bfc062723c751e8b465ee728b)
Start importing Assets/Dev/Import/resource/style01/shape001_style01_color04.png using Guid(e7a36fd303aae6c4fab731d6f90b1dd3) Importer(815301076,1909f56bfc062723c751e8b465ee728b)  -> (artifact id: '4cd917ed954a77a7135054656937badc') in 0.105431 seconds 
  Import took 0.110658 seconds .

========================================================================
Received Import Request.
  Time since last request: 0.000355 seconds.
  path: Assets/Dev/Import/resource/style01/shape001_style01_color07.png
  artifactKey: Guid(cbe1ad3d41fc8a94e91ec58ff313f446) Importer(815301076,1909f56bfc062723c751e8b465ee728b)
Start importing Assets/Dev/Import/resource/style01/shape001_style01_color07.png using Guid(cbe1ad3d41fc8a94e91ec58ff313f446) Importer(815301076,1909f56bfc062723c751e8b465ee728b)  -> (artifact id: '8dea603541b27105eea58001c39cc966') in 0.085587 seconds 
  Import took 0.103667 seconds .

========================================================================
Received Import Request.
  Time since last request: 0.000252 seconds.
  path: Assets/Dev/Import/resource/style01/shape001_style01_color06.png
  artifactKey: Guid(06de873de10fae04cab396fd0e60f952) Importer(815301076,1909f56bfc062723c751e8b465ee728b)
Start importing Assets/Dev/Import/resource/style01/shape001_style01_color06.png using Guid(06de873de10fae04cab396fd0e60f952) Importer(815301076,1909f56bfc062723c751e8b465ee728b)  -> (artifact id: '200ed88291b332799d1368976d316174') in 0.055797 seconds 
  Import took 0.060375 seconds .

========================================================================
Received Import Request.
  Time since last request: 0.000216 seconds.
  path: Assets/Dev/Import/resource/style01/shape001_style01_color08.png
  artifactKey: Guid(c00b479e76f8f8749be23fd412e94a3d) Importer(815301076,1909f56bfc062723c751e8b465ee728b)
Start importing Assets/Dev/Import/resource/style01/shape001_style01_color08.png using Guid(c00b479e76f8f8749be23fd412e94a3d) Importer(815301076,1909f56bfc062723c751e8b465ee728b)  -> (artifact id: 'deb8852340f2757e86f5247a18fca061') in 0.063138 seconds 
  Import took 0.093867 seconds .

========================================================================
Received Import Request.
  Time since last request: 0.000213 seconds.
  path: Assets/Dev/Import/resource/style01/shape001_style01_color01.png
  artifactKey: Guid(b5135ba72dad47e46998c429f8274c24) Importer(815301076,1909f56bfc062723c751e8b465ee728b)
Start importing Assets/Dev/Import/resource/style01/shape001_style01_color01.png using Guid(b5135ba72dad47e46998c429f8274c24) Importer(815301076,1909f56bfc062723c751e8b465ee728b)  -> (artifact id: 'b4f16c5065f57a0b5e748d5c8cdd3277') in 0.013988 seconds 
  Import took 0.018625 seconds .

========================================================================
Received Import Request.
  Time since last request: 0.000226 seconds.
  path: Assets/Dev/Import/resource/style01/shape001_style01_color05.png
  artifactKey: Guid(ce47720b4cf561d42a4e218d26468f2a) Importer(815301076,1909f56bfc062723c751e8b465ee728b)
Start importing Assets/Dev/Import/resource/style01/shape001_style01_color05.png using Guid(ce47720b4cf561d42a4e218d26468f2a) Importer(815301076,1909f56bfc062723c751e8b465ee728b)  -> (artifact id: '3521764ec30e72f4a600887c1cd095ed') in 0.056046 seconds 
  Import took 0.061591 seconds .

========================================================================
Received Import Request.
  Time since last request: 0.000213 seconds.
  path: Assets/Dev/Import/resource/style01/shape001_style01_color02.png
  artifactKey: Guid(7cbf7f6f455d5024b99f00e4846d0fee) Importer(815301076,1909f56bfc062723c751e8b465ee728b)
Start importing Assets/Dev/Import/resource/style01/shape001_style01_color02.png using Guid(7cbf7f6f455d5024b99f00e4846d0fee) Importer(815301076,1909f56bfc062723c751e8b465ee728b)  -> (artifact id: 'ad0d47b69eb1358baf9be938ace3c996') in 0.057105 seconds 
  Import took 0.077660 seconds .

========================================================================
Received Import Request.
  Time since last request: 1394.431157 seconds.
  path: Assets/Dev/Materials/Blueprint.mat
  artifactKey: Guid(022499d10739ad149aeb17c62e475f2e) Importer(815301076,1909f56bfc062723c751e8b465ee728b)
Start importing Assets/Dev/Materials/Blueprint.mat using Guid(022499d10739ad149aeb17c62e475f2e) Importer(815301076,1909f56bfc062723c751e8b465ee728b)  -> (artifact id: '123b692f4b28f523d7b491c627529fb2') in 0.270014 seconds 
  Import took 0.275811 seconds .

========================================================================
Received Import Request.
  Time since last request: 430.898404 seconds.
  path: Assets/Dev/Materials/Blueprint.mat
  artifactKey: Guid(022499d10739ad149aeb17c62e475f2e) Importer(815301076,1909f56bfc062723c751e8b465ee728b)
Start importing Assets/Dev/Materials/Blueprint.mat using Guid(022499d10739ad149aeb17c62e475f2e) Importer(815301076,1909f56bfc062723c751e8b465ee728b)  -> (artifact id: '01eadb4871afa3c302a6016a7f462337') in 0.116123 seconds 
  Import took 0.135922 seconds .

