Using pre-set license
Built from '2020.3/staging' branch; Version is '2020.3.18f1 (a7d1c678663c) revision 10998214'; Using compiler version '192528614'; Build Type 'Release'
OS: 'Windows 7  (6.1.0) 64bit' Language: 'pt' Physical Memory: 8174 MB
BatchMode: 1, IsHumanControllingUs: 0, StartBugReporterOnCrash: 0, Is64bit: 1, IsPro: 0

COMMAND LINE ARGUMENTS:
D:\Programs\Unity\2020.3.18f1\Editor\Unity.exe
-adb2
-batchMode
-noUpm
-name
AssetImportWorker0
-projectPath
C:/Users/Jefferson/Documents/Unity Projects/Bot_Controller
-logFile
Logs/AssetImportWorker0.log
-srvPort
64081
Successfully changed project path to: C:/Users/Jefferson/Documents/Unity Projects/Bot_Controller
C:/Users/Jefferson/Documents/Unity Projects/Bot_Controller
Using Asset Import Pipeline V2.
Refreshing native plugins compatible for Editor in 121.56 ms, found 2 plugins.
Preloading 0 native plugins for Editor in 0.00 ms.
Initialize engine version: 2020.3.18f1 (a7d1c678663c)
[Subsystems] Discovering subsystems at path D:/Programs/Unity/2020.3.18f1/Editor/Data/Resources/UnitySubsystems
[Subsystems] Discovering subsystems at path C:/Users/Jefferson/Documents/Unity Projects/Bot_Controller/Assets
GfxDevice: creating device client; threaded=0
d3d11: CreateDXGIFactory2(...) not found, fallbacking to CreateDXGIFactory1(...).
d3d11: QueryInterface(IDXGIFactory5) failed (80004002).
Direct3D:
    Version:  Direct3D 11.0 [level 11.0]
    Renderer: NVIDIA GeForce GT 710 (ID=0x128b)
    Vendor:   
    VRAM:     1983 MB
    Driver:   30.0.14.7212
Initialize mono
Mono path[0] = 'D:/Programs/Unity/2020.3.18f1/Editor/Data/Managed'
Mono path[1] = 'D:/Programs/Unity/2020.3.18f1/Editor/Data/MonoBleedingEdge/lib/mono/unityjit'
Mono config path = 'D:/Programs/Unity/2020.3.18f1/Editor/Data/MonoBleedingEdge/etc'
Using monoOptions --debugger-agent=transport=dt_socket,embedding=1,server=y,suspend=n,address=127.0.0.1:56128
Begin MonoManager ReloadAssembly
Registering precompiled unity dll's ...
Register platform support module: D:/Programs/Unity/2020.3.18f1/Editor/Data/PlaybackEngines/WindowsStandaloneSupport/UnityEditor.WindowsStandalone.Extensions.dll
Registered in 0.002387 seconds.
Native extension for WindowsStandalone target not found
Refreshing native plugins compatible for Editor in 107.09 ms, found 2 plugins.
Preloading 0 native plugins for Editor in 0.00 ms.
Mono: successfully reloaded assembly
- Completed reload, in  1.903 seconds
Domain Reload Profiling:
	ReloadAssembly (1903ms)
		BeginReloadAssembly (74ms)
			ExecutionOrderSort (0ms)
			DisableScriptedObjects (0ms)
			BackupInstance (0ms)
			ReleaseScriptingObjects (0ms)
			CreateAndSetChildDomain (2ms)
		EndReloadAssembly (823ms)
			LoadAssemblies (72ms)
			RebuildTransferFunctionScriptingTraits (0ms)
			SetupTypeCache (317ms)
			ReleaseScriptCaches (0ms)
			RebuildScriptCaches (55ms)
			SetupLoadedEditorAssemblies (304ms)
				LogAssemblyErrors (0ms)
				InitializePlatformSupportModulesInManaged (5ms)
				SetLoadedEditorAssemblies (0ms)
				RefreshPlugins (107ms)
				BeforeProcessingInitializeOnLoad (26ms)
				ProcessInitializeOnLoadAttributes (124ms)
				ProcessInitializeOnLoadMethodAttributes (42ms)
				AfterProcessingInitializeOnLoad (0ms)
				EditorAssembliesLoaded (0ms)
			ExecutionOrderSort2 (0ms)
			AwakeInstancesAfterBackupRestoration (0ms)
Platform modules already initialized, skipping
Registering precompiled user dll's ...
Registered in 0.003758 seconds.
Begin MonoManager ReloadAssembly
Native extension for WindowsStandalone target not found
Refreshing native plugins compatible for Editor in 1.22 ms, found 2 plugins.
Preloading 0 native plugins for Editor in 0.00 ms.
Mono: successfully reloaded assembly
- Completed reload, in  1.707 seconds
Domain Reload Profiling:
	ReloadAssembly (1708ms)
		BeginReloadAssembly (221ms)
			ExecutionOrderSort (0ms)
			DisableScriptedObjects (8ms)
			BackupInstance (0ms)
			ReleaseScriptingObjects (0ms)
			CreateAndSetChildDomain (30ms)
		EndReloadAssembly (1388ms)
			LoadAssemblies (124ms)
			RebuildTransferFunctionScriptingTraits (0ms)
			SetupTypeCache (504ms)
			ReleaseScriptCaches (1ms)
			RebuildScriptCaches (83ms)
			SetupLoadedEditorAssemblies (505ms)
				LogAssemblyErrors (0ms)
				InitializePlatformSupportModulesInManaged (6ms)
				SetLoadedEditorAssemblies (2ms)
				RefreshPlugins (1ms)
				BeforeProcessingInitializeOnLoad (142ms)
				ProcessInitializeOnLoadAttributes (343ms)
				ProcessInitializeOnLoadMethodAttributes (6ms)
				AfterProcessingInitializeOnLoad (4ms)
				EditorAssembliesLoaded (0ms)
			ExecutionOrderSort2 (0ms)
			AwakeInstancesAfterBackupRestoration (10ms)
Platform modules already initialized, skipping
========================================================================
Worker process is ready to serve import requests
Launched and connected shader compiler UnityShaderCompiler.exe after 0.17 seconds
Refreshing native plugins compatible for Editor in 1.50 ms, found 2 plugins.
Preloading 0 native plugins for Editor in 0.00 ms.
Unloading 1820 Unused Serialized files (Serialized files now loaded: 0)
System memory in use before: 81.7 MB.
System memory in use after: 81.8 MB.

Unloading 16 unused Assets to reduce memory usage. Loaded Objects now: 2254.
Total: 4.523100 ms (FindLiveObjects: 0.526579 ms CreateObjectMapping: 0.099316 ms MarkObjects: 3.807209 ms  DeleteObjects: 0.089122 ms)

AssetImportParameters requested are different than current active one (requested -> active):
  custom:framework-win-MediaFoundation: 216162199b28c13a410421893ffa2e32 -> 
  custom:video-decoder-ogg-theora: a1e56fd34408186e4bbccfd4996cb3dc -> 
  custom:container-muxer-webm: aa71ff27fc2769a1b78a27578f13a17b -> 
  custom:container-demuxer-webm: 4f35f7cbe854078d1ac9338744f61a02 -> 
  custom:container-demuxer-ogg: 62fdf1f143b41e24485cea50d1cbac27 -> 
  custom:video-encoder-webm-vp8: eb34c28f22e8b96e1ab97ce403110664 -> 
  custom:video-decoder-webm-vp8: 9c59270c3fd7afecdb556c50c9e8de78 -> 
  custom:audio-decoder-ogg-vorbis: bf7c407c2cedff20999df2af8eb42d56 -> 
  custom:audio-encoder-webm-vorbis: bf7c407c2cedff20999df2af8eb42d56 -> 
========================================================================
Received Import Request.
  path: Assets/Dev/Import/PickupTruck/Documentation.txt
  artifactKey: Guid(a48579d250528ad4f872d88777ee13ed) Importer(815301076,1909f56bfc062723c751e8b465ee728b)
Start importing Assets/Dev/Import/PickupTruck/Documentation.txt using Guid(a48579d250528ad4f872d88777ee13ed) Importer(815301076,1909f56bfc062723c751e8b465ee728b)  -> (artifact id: '1d31d188da7c67d4b10781f25655753e') in 0.132418 seconds 
  Import took 0.137029 seconds .

========================================================================
Received Import Request.
  Time since last request: 0.000253 seconds.
  path: Assets/Dev/Import/PickupTruck
  artifactKey: Guid(fd5af8574bdf04f45a195c50f1ebf416) Importer(815301076,1909f56bfc062723c751e8b465ee728b)
Start importing Assets/Dev/Import/PickupTruck using Guid(fd5af8574bdf04f45a195c50f1ebf416) Importer(815301076,1909f56bfc062723c751e8b465ee728b)  -> (artifact id: '8a655c2e7646b62f6047a024618181c8') in 0.003014 seconds 
  Import took 0.006845 seconds .

========================================================================
Received Import Request.
  Time since last request: 60.585479 seconds.
  path: Assets/Dev/Import/PickupTruck/Assets
  artifactKey: Guid(c00fd81503aa93d4fbcae648f4b0f54e) Importer(815301076,1909f56bfc062723c751e8b465ee728b)
Start importing Assets/Dev/Import/PickupTruck/Assets using Guid(c00fd81503aa93d4fbcae648f4b0f54e) Importer(815301076,1909f56bfc062723c751e8b465ee728b)  -> (artifact id: '313c3489a3082a1a7a2f7048f332948e') in 0.014099 seconds 
  Import took 0.018877 seconds .

========================================================================
Received Import Request.
  Time since last request: 1.077622 seconds.
  path: Assets/Dev/Import/PickupTruck/Assets/Model
  artifactKey: Guid(82b5981f2dbf9ba4aa0aab8f96a442ae) Importer(815301076,1909f56bfc062723c751e8b465ee728b)
Start importing Assets/Dev/Import/PickupTruck/Assets/Model using Guid(82b5981f2dbf9ba4aa0aab8f96a442ae) Importer(815301076,1909f56bfc062723c751e8b465ee728b)  -> (artifact id: '2e7f0248d4b7d1652f9927afeb62c039') in 0.009512 seconds 
  Import took 0.015039 seconds .

========================================================================
Received Import Request.
  Time since last request: 0.111960 seconds.
  path: Assets/Dev/Import/PickupTruck/Assets/Model/Pickup.obj
  artifactKey: Guid(4407af6126559b445953fe9a31b25d4b) Importer(815301076,1909f56bfc062723c751e8b465ee728b)
Start importing Assets/Dev/Import/PickupTruck/Assets/Model/Pickup.obj using Guid(4407af6126559b445953fe9a31b25d4b) Importer(815301076,1909f56bfc062723c751e8b465ee728b)  -> (artifact id: 'ce4e62e1bff4ab4f28b2a11a95b75f9c') in 7.109315 seconds 
  Import took 7.143207 seconds .

========================================================================
Received Import Request.
  Time since last request: 100.931164 seconds.
  path: Assets/Dev/Meshes
  artifactKey: Guid(c07a676c0f3b9744fb144bff42dd5462) Importer(815301076,1909f56bfc062723c751e8b465ee728b)
Start importing Assets/Dev/Meshes using Guid(c07a676c0f3b9744fb144bff42dd5462) Importer(815301076,1909f56bfc062723c751e8b465ee728b)  -> (artifact id: '885218beec4121c8e327549f31a54d07') in 0.002551 seconds 
  Import took 0.018292 seconds .

========================================================================
Received Import Request.
  Time since last request: 0.000760 seconds.
  path: Assets/Dev/Meshes
  artifactKey: Guid(c07a676c0f3b9744fb144bff42dd5462) Importer(815301076,1909f56bfc062723c751e8b465ee728b)
Start importing Assets/Dev/Meshes using Guid(c07a676c0f3b9744fb144bff42dd5462) Importer(815301076,1909f56bfc062723c751e8b465ee728b)  -> (artifact id: '885218beec4121c8e327549f31a54d07') in 0.002116 seconds 
  Import took 0.006652 seconds .

========================================================================
Received Import Request.
  Time since last request: 4.643594 seconds.
  path: Assets/Dev/Import/PickupTruck/Assets/Model/CarMaterials
  artifactKey: Guid(e17dbf54c4fa4df40a58590357be3c14) Importer(815301076,1909f56bfc062723c751e8b465ee728b)
Start importing Assets/Dev/Import/PickupTruck/Assets/Model/CarMaterials using Guid(e17dbf54c4fa4df40a58590357be3c14) Importer(815301076,1909f56bfc062723c751e8b465ee728b)  -> (artifact id: '7894fb31add14dbca3f28fac011ec89c') in 0.005159 seconds 
  Import took 0.092240 seconds .

========================================================================
Received Import Request.
  Time since last request: 0.046178 seconds.
  path: Assets/Dev/Import/PickupTruck/Assets/Model/CarMaterials/Body.mat
  artifactKey: Guid(7510f15ca61ab3c409bbf09ae8db86a3) Importer(815301076,1909f56bfc062723c751e8b465ee728b)
Start importing Assets/Dev/Import/PickupTruck/Assets/Model/CarMaterials/Body.mat using Guid(7510f15ca61ab3c409bbf09ae8db86a3) Importer(815301076,1909f56bfc062723c751e8b465ee728b)  -> (artifact id: '6acdb092b17ea60c1e869c7da7c95249') in 0.332724 seconds 
  Import took 0.358268 seconds .

========================================================================
Received Import Request.
  Time since last request: 0.000264 seconds.
  path: Assets/Dev/Import/PickupTruck/Assets/Model/CarMaterials/Glass.mat
  artifactKey: Guid(2589c21c5f5e0f04d9ee6cdabd5ec979) Importer(815301076,1909f56bfc062723c751e8b465ee728b)
Start importing Assets/Dev/Import/PickupTruck/Assets/Model/CarMaterials/Glass.mat using Guid(2589c21c5f5e0f04d9ee6cdabd5ec979) Importer(815301076,1909f56bfc062723c751e8b465ee728b)  -> (artifact id: 'b9bbac984f264365b75f6fab3bd996f0') in 0.342446 seconds 
  Import took 0.347395 seconds .

========================================================================
Received Import Request.
  Time since last request: 0.000227 seconds.
  path: Assets/Dev/Import/PickupTruck/Assets/Model/CarMaterials/Brakes.mat
  artifactKey: Guid(8c71802ac2f668c4e91a5f7014c23ccd) Importer(815301076,1909f56bfc062723c751e8b465ee728b)
Start importing Assets/Dev/Import/PickupTruck/Assets/Model/CarMaterials/Brakes.mat using Guid(8c71802ac2f668c4e91a5f7014c23ccd) Importer(815301076,1909f56bfc062723c751e8b465ee728b)  -> (artifact id: '20371a0d841b88e5ca2071d52dfa2929') in 0.019053 seconds 
  Import took 0.023744 seconds .

========================================================================
Received Import Request.
  Time since last request: 0.000184 seconds.
  path: Assets/Dev/Import/PickupTruck/Assets/Model/CarMaterials/Lights2.mat
  artifactKey: Guid(86b3b34d4e465f34e9ac883f2341a527) Importer(815301076,1909f56bfc062723c751e8b465ee728b)
Start importing Assets/Dev/Import/PickupTruck/Assets/Model/CarMaterials/Lights2.mat using Guid(86b3b34d4e465f34e9ac883f2341a527) Importer(815301076,1909f56bfc062723c751e8b465ee728b)  -> (artifact id: '83ea209cea8243f29fd277f381bc3e72') in 0.015725 seconds 
  Import took 0.021629 seconds .

========================================================================
Received Import Request.
  Time since last request: 0.000467 seconds.
  path: Assets/Dev/Import/PickupTruck/Assets/Model/CarMaterials/Brake1.mat
  artifactKey: Guid(f1de0e368a55f2c4d8c0be43295c0e12) Importer(815301076,1909f56bfc062723c751e8b465ee728b)
Start importing Assets/Dev/Import/PickupTruck/Assets/Model/CarMaterials/Brake1.mat using Guid(f1de0e368a55f2c4d8c0be43295c0e12) Importer(815301076,1909f56bfc062723c751e8b465ee728b)  -> (artifact id: '7050efdce79e53e21f6d0539ac3a9903') in 0.107546 seconds 
  Import took 0.112663 seconds .

========================================================================
Received Import Request.
  Time since last request: 0.000186 seconds.
  path: Assets/Dev/Import/PickupTruck/Assets/Model/CarMaterials/Interior.mat
  artifactKey: Guid(51df052e93409664fb019aad27ab3deb) Importer(815301076,1909f56bfc062723c751e8b465ee728b)
Start importing Assets/Dev/Import/PickupTruck/Assets/Model/CarMaterials/Interior.mat using Guid(51df052e93409664fb019aad27ab3deb) Importer(815301076,1909f56bfc062723c751e8b465ee728b)  -> (artifact id: '14dd7e53f6e775405a6d18e19e799904') in 0.014292 seconds 
  Import took 0.018952 seconds .

========================================================================
Received Import Request.
  Time since last request: 0.000271 seconds.
  path: Assets/Dev/Import/PickupTruck/Assets/Model/CarMaterials/Lights.mat
  artifactKey: Guid(f791fcdbbc2c4fb4183d797064404fe8) Importer(815301076,1909f56bfc062723c751e8b465ee728b)
Start importing Assets/Dev/Import/PickupTruck/Assets/Model/CarMaterials/Lights.mat using Guid(f791fcdbbc2c4fb4183d797064404fe8) Importer(815301076,1909f56bfc062723c751e8b465ee728b)  -> (artifact id: 'a3387d3e43ceb221ab504649498b518c') in 0.012046 seconds 
  Import took 0.018341 seconds .

========================================================================
Received Import Request.
  Time since last request: 0.000253 seconds.
  path: Assets/Dev/Import/PickupTruck/Assets/Model/CarMaterials/Front.mat
  artifactKey: Guid(1f222bca55a14e24fa2b6e67fbc11182) Importer(815301076,1909f56bfc062723c751e8b465ee728b)
Start importing Assets/Dev/Import/PickupTruck/Assets/Model/CarMaterials/Front.mat using Guid(1f222bca55a14e24fa2b6e67fbc11182) Importer(815301076,1909f56bfc062723c751e8b465ee728b)  -> (artifact id: 'c997ec83a146bc4d05cd84e9a202c881') in 0.011630 seconds 
  Import took 0.017602 seconds .

========================================================================
Received Import Request.
  Time since last request: 0.000200 seconds.
  path: Assets/Dev/Import/PickupTruck/Assets/Model/CarMaterials/Grey.mat
  artifactKey: Guid(dc391b1e9231e304f9bb2899b794c7ab) Importer(815301076,1909f56bfc062723c751e8b465ee728b)
Start importing Assets/Dev/Import/PickupTruck/Assets/Model/CarMaterials/Grey.mat using Guid(dc391b1e9231e304f9bb2899b794c7ab) Importer(815301076,1909f56bfc062723c751e8b465ee728b)  -> (artifact id: '7a640b22a1d09779905a161ebe752251') in 0.012514 seconds 
  Import took 0.017564 seconds .

========================================================================
Received Import Request.
  Time since last request: 0.000243 seconds.
  path: Assets/Dev/Import/PickupTruck/Assets/Model/CarMaterials/Screws.mat
  artifactKey: Guid(b9b9ed45e94d56540a8707dfef1dcb96) Importer(815301076,1909f56bfc062723c751e8b465ee728b)
Start importing Assets/Dev/Import/PickupTruck/Assets/Model/CarMaterials/Screws.mat using Guid(b9b9ed45e94d56540a8707dfef1dcb96) Importer(815301076,1909f56bfc062723c751e8b465ee728b)  -> (artifact id: '0e7e19be4fa1cbba60cd45b85dc1a7a4') in 0.012164 seconds 
  Import took 0.016800 seconds .

========================================================================
Received Import Request.
  Time since last request: 0.000221 seconds.
  path: Assets/Dev/Import/PickupTruck/Assets/Model/CarMaterials/RearLights.mat
  artifactKey: Guid(df7831783ef54f84e90d8c4d4b322d2d) Importer(815301076,1909f56bfc062723c751e8b465ee728b)
Start importing Assets/Dev/Import/PickupTruck/Assets/Model/CarMaterials/RearLights.mat using Guid(df7831783ef54f84e90d8c4d4b322d2d) Importer(815301076,1909f56bfc062723c751e8b465ee728b)  -> (artifact id: 'a30324fcbbfc7d875ab2810bf328d103') in 0.011849 seconds 
  Import took 0.016852 seconds .

========================================================================
Received Import Request.
  Time since last request: 0.000245 seconds.
  path: Assets/Dev/Import/PickupTruck/Assets/Model/CarMaterials/FrontBar.mat
  artifactKey: Guid(0fcb8d4888e5dcd48897992ddd89e574) Importer(815301076,1909f56bfc062723c751e8b465ee728b)
Start importing Assets/Dev/Import/PickupTruck/Assets/Model/CarMaterials/FrontBar.mat using Guid(0fcb8d4888e5dcd48897992ddd89e574) Importer(815301076,1909f56bfc062723c751e8b465ee728b)  -> (artifact id: 'c0d88fe7568f31e9f4ffb74cf3a59d09') in 0.012091 seconds 
  Import took 0.024374 seconds .

========================================================================
Received Import Request.
  Time since last request: 0.000207 seconds.
  path: Assets/Dev/Import/PickupTruck/Assets/Model/CarMaterials/Front2.mat
  artifactKey: Guid(16940675ed2d0c641b8cfb88d26aa654) Importer(815301076,1909f56bfc062723c751e8b465ee728b)
Start importing Assets/Dev/Import/PickupTruck/Assets/Model/CarMaterials/Front2.mat using Guid(16940675ed2d0c641b8cfb88d26aa654) Importer(815301076,1909f56bfc062723c751e8b465ee728b)  -> (artifact id: '9066b87a2475ee8ab84ee8acd63ad883') in 0.012685 seconds 
  Import took 0.017732 seconds .

========================================================================
Received Import Request.
  Time since last request: 0.000253 seconds.
  path: Assets/Dev/Import/PickupTruck/Assets/Model/CarMaterials/Mirror.mat
  artifactKey: Guid(506b480a31409b64b8c619984f832743) Importer(815301076,1909f56bfc062723c751e8b465ee728b)
Start importing Assets/Dev/Import/PickupTruck/Assets/Model/CarMaterials/Mirror.mat using Guid(506b480a31409b64b8c619984f832743) Importer(815301076,1909f56bfc062723c751e8b465ee728b)  -> (artifact id: 'ad62491adf96b866e51c365e375c9a01') in 0.010714 seconds 
  Import took 0.016593 seconds .

========================================================================
Received Import Request.
  Time since last request: 0.001201 seconds.
  path: Assets/Dev/Import/PickupTruck/Assets/Model/CarMaterials/TurnLights.mat
  artifactKey: Guid(bd2577537967f7f44b017e3ab4f3c2fa) Importer(815301076,1909f56bfc062723c751e8b465ee728b)
Start importing Assets/Dev/Import/PickupTruck/Assets/Model/CarMaterials/TurnLights.mat using Guid(bd2577537967f7f44b017e3ab4f3c2fa) Importer(815301076,1909f56bfc062723c751e8b465ee728b)  -> (artifact id: 'bd8bb88e107be4f29b2c91c0d7f48d8e') in 0.011227 seconds 
  Import took 0.018007 seconds .

========================================================================
Received Import Request.
  Time since last request: 0.000571 seconds.
  path: Assets/Dev/Import/PickupTruck/Assets/Model/CarMaterials/Brake2.mat
  artifactKey: Guid(283069d2fc59e2845b019079d556f92e) Importer(815301076,1909f56bfc062723c751e8b465ee728b)
Start importing Assets/Dev/Import/PickupTruck/Assets/Model/CarMaterials/Brake2.mat using Guid(283069d2fc59e2845b019079d556f92e) Importer(815301076,1909f56bfc062723c751e8b465ee728b)  -> (artifact id: 'f6fc4c3e6f35afe7b72a7e0a256f3ae2') in 0.012237 seconds 
  Import took 0.017585 seconds .

========================================================================
Received Import Request.
  Time since last request: 0.000227 seconds.
  path: Assets/Dev/Import/PickupTruck/Assets/Model/CarMaterials/Wheel.mat
  artifactKey: Guid(9fb20ff8a2a957c4e8a42a1c5ca63955) Importer(815301076,1909f56bfc062723c751e8b465ee728b)
Start importing Assets/Dev/Import/PickupTruck/Assets/Model/CarMaterials/Wheel.mat using Guid(9fb20ff8a2a957c4e8a42a1c5ca63955) Importer(815301076,1909f56bfc062723c751e8b465ee728b)  -> (artifact id: '95f80d188602284eefb51fecb099f130') in 0.011774 seconds 
  Import took 0.016995 seconds .

========================================================================
Received Import Request.
  Time since last request: 0.000226 seconds.
  path: Assets/Dev/Import/PickupTruck/Assets/Model/CarMaterials/Tires.mat
  artifactKey: Guid(c8eae4481ae36044585c7857eb3d7aac) Importer(815301076,1909f56bfc062723c751e8b465ee728b)
Start importing Assets/Dev/Import/PickupTruck/Assets/Model/CarMaterials/Tires.mat using Guid(c8eae4481ae36044585c7857eb3d7aac) Importer(815301076,1909f56bfc062723c751e8b465ee728b)  -> (artifact id: '98dbfd6b03a416e37fd81a0af248a9e1') in 0.012887 seconds 
  Import took 0.018129 seconds .

========================================================================
Received Import Request.
  Time since last request: 14.708086 seconds.
  path: Assets/Dev/Materials/Car
  artifactKey: Guid(620cde7440c8d594690c652f52751521) Importer(815301076,1909f56bfc062723c751e8b465ee728b)
Start importing Assets/Dev/Materials/Car using Guid(620cde7440c8d594690c652f52751521) Importer(815301076,1909f56bfc062723c751e8b465ee728b)  -> (artifact id: 'b2fc58ac9c66d3620cc2496025a4eb31') in 0.003136 seconds 
  Import took 0.009037 seconds .

========================================================================
Received Import Request.
  Time since last request: 128.801440 seconds.
  path: Assets/Dev/Import/PickupTruck/Assets/Prefabs
  artifactKey: Guid(83d05e19c7dc5924b8cb085ca26ba762) Importer(815301076,1909f56bfc062723c751e8b465ee728b)
Start importing Assets/Dev/Import/PickupTruck/Assets/Prefabs using Guid(83d05e19c7dc5924b8cb085ca26ba762) Importer(815301076,1909f56bfc062723c751e8b465ee728b)  -> (artifact id: '18372f5ce72d40c0a42cf78018520996') in 0.004246 seconds 
  Import took 0.009816 seconds .

========================================================================
Received Import Request.
  Time since last request: 0.062864 seconds.
  path: Assets/Dev/Import/PickupTruck/Assets/Prefabs/Pickup.prefab
  artifactKey: Guid(c8b0ee0e3965acf4b9c9abc1cf684d17) Importer(815301076,1909f56bfc062723c751e8b465ee728b)
Start importing Assets/Dev/Import/PickupTruck/Assets/Prefabs/Pickup.prefab using Guid(c8b0ee0e3965acf4b9c9abc1cf684d17) Importer(815301076,1909f56bfc062723c751e8b465ee728b)  -> (artifact id: '0db0801d1267d320f1475ebc4dfb8c34') in 1.667495 seconds 
  Import took 1.676679 seconds .

========================================================================
Received Import Request.
  Time since last request: 5323.905737 seconds.
  path: Assets/Dev/New Folder
  artifactKey: Guid(cc6e8707c2407744cb4f8f08998c39a2) Importer(815301076,1909f56bfc062723c751e8b465ee728b)
Start importing Assets/Dev/New Folder using Guid(cc6e8707c2407744cb4f8f08998c39a2) Importer(815301076,1909f56bfc062723c751e8b465ee728b)  -> (artifact id: '6c9b8df568d739ce4496851272bb2ddf') in 0.002646 seconds 
  Import took 0.008036 seconds .

========================================================================
Received Import Request.
  Time since last request: 9075.704332 seconds.
  path: Assets/Dev/Import/BrokenVector
  artifactKey: Guid(ab0e06de304564c458441b74387a8c62) Importer(815301076,1909f56bfc062723c751e8b465ee728b)
Start importing Assets/Dev/Import/BrokenVector using Guid(ab0e06de304564c458441b74387a8c62) Importer(815301076,1909f56bfc062723c751e8b465ee728b)  -> (artifact id: '4cc959bd4d526e5b08f457eb1182a875') in 0.003527 seconds 
  Import took 0.008683 seconds .

========================================================================
Received Import Request.
  Time since last request: 3.044376 seconds.
  path: Assets/Dev/Import/BrokenVector/LowPolyCarPack
  artifactKey: Guid(15b82ebb48dbb4745b6ea62a09f21c5a) Importer(815301076,1909f56bfc062723c751e8b465ee728b)
Start importing Assets/Dev/Import/BrokenVector/LowPolyCarPack using Guid(15b82ebb48dbb4745b6ea62a09f21c5a) Importer(815301076,1909f56bfc062723c751e8b465ee728b)  -> (artifact id: 'c1f3b063c687b0a5ba199af840f9b51e') in 0.003153 seconds 
  Import took 0.008277 seconds .

========================================================================
Received Import Request.
  Time since last request: 5.866168 seconds.
  path: Assets/Dev/Import/BrokenVector/LowPolyCarPack/Models
  artifactKey: Guid(c7758866fde20744bba9d033f6704969) Importer(815301076,1909f56bfc062723c751e8b465ee728b)
Start importing Assets/Dev/Import/BrokenVector/LowPolyCarPack/Models using Guid(c7758866fde20744bba9d033f6704969) Importer(815301076,1909f56bfc062723c751e8b465ee728b)  -> (artifact id: '15ef8f9d134cf0fb4434d398225b702f') in 0.003051 seconds 
  Import took 0.019966 seconds .

========================================================================
Received Import Request.
  Time since last request: 0.093116 seconds.
  path: Assets/Dev/Import/BrokenVector/LowPolyCarPack/Models/Car 5.fbx
  artifactKey: Guid(5f62ea725ac15c145bade1597645729b) Importer(815301076,1909f56bfc062723c751e8b465ee728b)
Start importing Assets/Dev/Import/BrokenVector/LowPolyCarPack/Models/Car 5.fbx using Guid(5f62ea725ac15c145bade1597645729b) Importer(815301076,1909f56bfc062723c751e8b465ee728b)  -> (artifact id: 'a1921f9bc0f556be64fd3e39ab1ea657') in 0.149287 seconds 
  Import took 0.186152 seconds .

========================================================================
Received Import Request.
  Time since last request: 5.158523 seconds.
  path: Assets/Dev/Import/BrokenVector/LowPolyCarPack/Prefabs
  artifactKey: Guid(aa3ed4ddba8b2fc45b01c975db0155f9) Importer(815301076,1909f56bfc062723c751e8b465ee728b)
Start importing Assets/Dev/Import/BrokenVector/LowPolyCarPack/Prefabs using Guid(aa3ed4ddba8b2fc45b01c975db0155f9) Importer(815301076,1909f56bfc062723c751e8b465ee728b)  -> (artifact id: '83dc18441fba6500da7ed3732ad90053') in 0.002472 seconds 
  Import took 0.007083 seconds .

========================================================================
Received Import Request.
  Time since last request: 1.349682 seconds.
  path: Assets/Dev/Import/BrokenVector/LowPolyCarPack/Prefabs/Car_5_Silver.prefab
  artifactKey: Guid(7b12ba8dfc2058c41a2bea3034f51382) Importer(815301076,1909f56bfc062723c751e8b465ee728b)
Start importing Assets/Dev/Import/BrokenVector/LowPolyCarPack/Prefabs/Car_5_Silver.prefab using Guid(7b12ba8dfc2058c41a2bea3034f51382) Importer(815301076,1909f56bfc062723c751e8b465ee728b)  -> (artifact id: '20ba8284bd77885d1b56d7c2655a2325') in 0.013428 seconds 
  Import took 0.018375 seconds .

========================================================================
Received Import Request.
  Time since last request: 56.422749 seconds.
  path: Assets/Dev/Import/PickupTruck/Assets/Materials
  artifactKey: Guid(829ad584af8f161469678c6d64a0f2aa) Importer(815301076,1909f56bfc062723c751e8b465ee728b)
Start importing Assets/Dev/Import/PickupTruck/Assets/Materials using Guid(829ad584af8f161469678c6d64a0f2aa) Importer(815301076,1909f56bfc062723c751e8b465ee728b)  -> (artifact id: '51551c71a600bad01d4977632ef7da71') in 0.003360 seconds 
  Import took 0.008104 seconds .

========================================================================
Received Import Request.
  Time since last request: 106.837599 seconds.
  path: Assets/Dev/Import/BrokenVector/LowPolyCarPack/Palettes
  artifactKey: Guid(62037f62593340f4b8e0b18121ebcaca) Importer(815301076,1909f56bfc062723c751e8b465ee728b)
Start importing Assets/Dev/Import/BrokenVector/LowPolyCarPack/Palettes using Guid(62037f62593340f4b8e0b18121ebcaca) Importer(815301076,1909f56bfc062723c751e8b465ee728b)  -> (artifact id: 'db51622bd76324aa30a66409fd1db870') in 0.003913 seconds 
  Import took 0.008928 seconds .

========================================================================
Received Import Request.
  Time since last request: 0.081475 seconds.
  path: Assets/Dev/Import/BrokenVector/LowPolyCarPack/Palettes/Palette_Blue.png
  artifactKey: Guid(30b1dd504034b9740bad962ec4c5ab90) Importer(815301076,1909f56bfc062723c751e8b465ee728b)
Start importing Assets/Dev/Import/BrokenVector/LowPolyCarPack/Palettes/Palette_Blue.png using Guid(30b1dd504034b9740bad962ec4c5ab90) Importer(815301076,1909f56bfc062723c751e8b465ee728b)  -> (artifact id: 'f34ae9c4584bf1d50f9fec2c6e034f1f') in 0.080535 seconds 
  Import took 0.085109 seconds .

========================================================================
Received Import Request.
  Time since last request: 0.000215 seconds.
  path: Assets/Dev/Import/BrokenVector/LowPolyCarPack/Palettes/Palette_Green.png
  artifactKey: Guid(6669a8090d705f14593e50a03512ee8d) Importer(815301076,1909f56bfc062723c751e8b465ee728b)
Start importing Assets/Dev/Import/BrokenVector/LowPolyCarPack/Palettes/Palette_Green.png using Guid(6669a8090d705f14593e50a03512ee8d) Importer(815301076,1909f56bfc062723c751e8b465ee728b)  -> (artifact id: '3971d9a743f20d665bb05ac97696c0ec') in 0.007419 seconds 
  Import took 0.012007 seconds .

========================================================================
Received Import Request.
  Time since last request: 0.000362 seconds.
  path: Assets/Dev/Import/BrokenVector/LowPolyCarPack/Palettes/Palette_Red.png
  artifactKey: Guid(518fc686bf3d2ca418b50245a6e1f26c) Importer(815301076,1909f56bfc062723c751e8b465ee728b)
Start importing Assets/Dev/Import/BrokenVector/LowPolyCarPack/Palettes/Palette_Red.png using Guid(518fc686bf3d2ca418b50245a6e1f26c) Importer(815301076,1909f56bfc062723c751e8b465ee728b)  -> (artifact id: '8b2ecee1d865e9d14c92f2eed61502f8') in 0.021994 seconds 
  Import took 0.031584 seconds .

========================================================================
Received Import Request.
  Time since last request: 0.000195 seconds.
  path: Assets/Dev/Import/BrokenVector/LowPolyCarPack/Palettes/Palette_Purple.png
  artifactKey: Guid(03b0cab94769f0648b774960f999f527) Importer(815301076,1909f56bfc062723c751e8b465ee728b)
Start importing Assets/Dev/Import/BrokenVector/LowPolyCarPack/Palettes/Palette_Purple.png using Guid(03b0cab94769f0648b774960f999f527) Importer(815301076,1909f56bfc062723c751e8b465ee728b)  -> (artifact id: 'ca7cddd2a2f0eedd87b4ac9fb3d96b9c') in 0.007685 seconds 
  Import took 0.012031 seconds .

========================================================================
Received Import Request.
  Time since last request: 0.000250 seconds.
  path: Assets/Dev/Import/BrokenVector/LowPolyCarPack/Palettes/Palette_Silver.png
  artifactKey: Guid(62a9854529b0aec4d8fec41d295e1fc9) Importer(815301076,1909f56bfc062723c751e8b465ee728b)
Start importing Assets/Dev/Import/BrokenVector/LowPolyCarPack/Palettes/Palette_Silver.png using Guid(62a9854529b0aec4d8fec41d295e1fc9) Importer(815301076,1909f56bfc062723c751e8b465ee728b)  -> (artifact id: '33da23cb51023dc8c67bfc16a97791a0') in 0.007775 seconds 
  Import took 0.030549 seconds .

========================================================================
Received Import Request.
  Time since last request: 0.000199 seconds.
  path: Assets/Dev/Import/BrokenVector/LowPolyCarPack/Palettes/Palette_Yellow.png
  artifactKey: Guid(3f42a1f6889f5254fa3ab04dc5dd30f7) Importer(815301076,1909f56bfc062723c751e8b465ee728b)
Start importing Assets/Dev/Import/BrokenVector/LowPolyCarPack/Palettes/Palette_Yellow.png using Guid(3f42a1f6889f5254fa3ab04dc5dd30f7) Importer(815301076,1909f56bfc062723c751e8b465ee728b)  -> (artifact id: '70f049ceb4097e53de0d7e877597c0a6') in 0.013649 seconds 
  Import took 0.037645 seconds .

========================================================================
Received Import Request.
  Time since last request: 10.232064 seconds.
  path: Assets/Dev/Import/BrokenVector/LowPolyCarPack/Readme.pdf
  artifactKey: Guid(0c1b9b2a5e060e24cba3a9874ff64194) Importer(815301076,1909f56bfc062723c751e8b465ee728b)
Start importing Assets/Dev/Import/BrokenVector/LowPolyCarPack/Readme.pdf using Guid(0c1b9b2a5e060e24cba3a9874ff64194) Importer(815301076,1909f56bfc062723c751e8b465ee728b)  -> (artifact id: 'fda7d638585ead0abced9edcb8f701eb') in 0.005046 seconds 
  Import took 0.018295 seconds .

========================================================================
Received Import Request.
  Time since last request: 1166.390655 seconds.
  path: Assets/Dev/Materials/Car/Chassis.mat
  artifactKey: Guid(dd1f23e2c0a058342bf9b539dadc49bf) Importer(815301076,1909f56bfc062723c751e8b465ee728b)
Start importing Assets/Dev/Materials/Car/Chassis.mat using Guid(dd1f23e2c0a058342bf9b539dadc49bf) Importer(815301076,1909f56bfc062723c751e8b465ee728b)  -> (artifact id: '6a83fded1f8b643a7217c0f99fa91767') in 0.013065 seconds 
  Import took 0.018542 seconds .

========================================================================
Received Import Request.
  Time since last request: 392.588412 seconds.
  path: Assets/Dev/Materials/Car/Lights.mat
  artifactKey: Guid(abe9351be31eced4ca9d05cdd7879fa0) Importer(815301076,1909f56bfc062723c751e8b465ee728b)
Start importing Assets/Dev/Materials/Car/Lights.mat using Guid(abe9351be31eced4ca9d05cdd7879fa0) Importer(815301076,1909f56bfc062723c751e8b465ee728b)  -> (artifact id: '5460a86ef2fc24194d8c79db72eae2c6') in 0.013955 seconds 
  Import took 0.019207 seconds .

========================================================================
Received Import Request.
  Time since last request: 355.005453 seconds.
  path: Assets/Dev/Textures/Car
  artifactKey: Guid(8298bf922b1f5e34a9604b002073a2a6) Importer(815301076,1909f56bfc062723c751e8b465ee728b)
Start importing Assets/Dev/Textures/Car using Guid(8298bf922b1f5e34a9604b002073a2a6) Importer(815301076,1909f56bfc062723c751e8b465ee728b)  -> (artifact id: '1c34ac75f907d2978b4d2e339e210fc9') in 0.004118 seconds 
  Import took 0.009253 seconds .

========================================================================
Received Import Request.
  Time since last request: 507.451617 seconds.
  path: Assets/Dev/Materials/Car/Chassis.mat
  artifactKey: Guid(dd1f23e2c0a058342bf9b539dadc49bf) Importer(815301076,1909f56bfc062723c751e8b465ee728b)
Start importing Assets/Dev/Materials/Car/Chassis.mat using Guid(dd1f23e2c0a058342bf9b539dadc49bf) Importer(815301076,1909f56bfc062723c751e8b465ee728b)  -> (artifact id: 'b01aa602bd31cd212062bf18b8399f5f') in 0.033605 seconds 
  Import took 0.040094 seconds .

========================================================================
Received Import Request.
  Time since last request: 0.000246 seconds.
  path: Assets/Dev/Materials/Car/Lights.mat
  artifactKey: Guid(abe9351be31eced4ca9d05cdd7879fa0) Importer(815301076,1909f56bfc062723c751e8b465ee728b)
Start importing Assets/Dev/Materials/Car/Lights.mat using Guid(abe9351be31eced4ca9d05cdd7879fa0) Importer(815301076,1909f56bfc062723c751e8b465ee728b)  -> (artifact id: 'c32c151a559037ae4ff75109629bf2ac') in 0.043348 seconds 
  Import took 0.048395 seconds .

========================================================================
Received Import Request.
  Time since last request: 0.000200 seconds.
  path: Assets/Dev/Materials/Car/Chassis.mat
  artifactKey: Guid(dd1f23e2c0a058342bf9b539dadc49bf) Importer(815301076,1909f56bfc062723c751e8b465ee728b)
Start importing Assets/Dev/Materials/Car/Chassis.mat using Guid(dd1f23e2c0a058342bf9b539dadc49bf) Importer(815301076,1909f56bfc062723c751e8b465ee728b)  -> (artifact id: 'b01aa602bd31cd212062bf18b8399f5f') in 0.014852 seconds 
  Import took 0.019294 seconds .

========================================================================
Received Import Request.
  Time since last request: 31.355487 seconds.
  path: Assets/Dev/Materials/Car/Windows.mat
  artifactKey: Guid(9d435fe84b0292e408c1add1a8aa3c56) Importer(815301076,1909f56bfc062723c751e8b465ee728b)
Start importing Assets/Dev/Materials/Car/Windows.mat using Guid(9d435fe84b0292e408c1add1a8aa3c56) Importer(815301076,1909f56bfc062723c751e8b465ee728b)  -> (artifact id: 'ed94eacead00ba4b8b84b2d73ebebcc6') in 0.016019 seconds 
  Import took 0.021815 seconds .

========================================================================
Received Import Request.
  Time since last request: 495.179953 seconds.
  path: Assets/Dev/Materials/Car/Chassis.mat
  artifactKey: Guid(dd1f23e2c0a058342bf9b539dadc49bf) Importer(815301076,1909f56bfc062723c751e8b465ee728b)
Start importing Assets/Dev/Materials/Car/Chassis.mat using Guid(dd1f23e2c0a058342bf9b539dadc49bf) Importer(815301076,1909f56bfc062723c751e8b465ee728b)  -> (artifact id: 'ee948f4e9c5f97fa5420ca12ea1c1fcc') in 0.029294 seconds 
  Import took 0.034408 seconds .

========================================================================
Received Import Request.
  Time since last request: 0.000280 seconds.
  path: Assets/Dev/Materials/Car/Windows.mat
  artifactKey: Guid(9d435fe84b0292e408c1add1a8aa3c56) Importer(815301076,1909f56bfc062723c751e8b465ee728b)
Start importing Assets/Dev/Materials/Car/Windows.mat using Guid(9d435fe84b0292e408c1add1a8aa3c56) Importer(815301076,1909f56bfc062723c751e8b465ee728b)  -> (artifact id: '86e6b2c47f47ec7e37e4ea604f703b08') in 0.019325 seconds 
  Import took 0.033222 seconds .

========================================================================
Received Import Request.
  Time since last request: 0.005937 seconds.
  path: Assets/Dev/Materials/Car/Windows.mat
  artifactKey: Guid(9d435fe84b0292e408c1add1a8aa3c56) Importer(815301076,1909f56bfc062723c751e8b465ee728b)
Start importing Assets/Dev/Materials/Car/Windows.mat using Guid(9d435fe84b0292e408c1add1a8aa3c56) Importer(815301076,1909f56bfc062723c751e8b465ee728b)  -> (artifact id: '86e6b2c47f47ec7e37e4ea604f703b08') in 0.019263 seconds 
  Import took 0.024465 seconds .

========================================================================
Received Import Request.
  Time since last request: 122.243756 seconds.
  path: Assets/Dev/Materials/Car/Tires.mat
  artifactKey: Guid(90889fdecf195394aab9d85825061451) Importer(815301076,1909f56bfc062723c751e8b465ee728b)
Start importing Assets/Dev/Materials/Car/Tires.mat using Guid(90889fdecf195394aab9d85825061451) Importer(815301076,1909f56bfc062723c751e8b465ee728b)  -> (artifact id: 'cf736d65e4e93d4a925ec73c6dfc3934') in 0.016163 seconds 
  Import took 0.021778 seconds .

========================================================================
Received Import Request.
  Time since last request: 195.277447 seconds.
  path: Assets/Dev/Materials/Car/Wheels.mat
  artifactKey: Guid(da48c5aec1db83942860c383e645d2c6) Importer(815301076,1909f56bfc062723c751e8b465ee728b)
Start importing Assets/Dev/Materials/Car/Wheels.mat using Guid(da48c5aec1db83942860c383e645d2c6) Importer(815301076,1909f56bfc062723c751e8b465ee728b)  -> (artifact id: '9f86c9b023266ba957e8c7b6bb53ce50') in 0.029185 seconds 
  Import took 0.035411 seconds .

========================================================================
Received Import Request.
  Time since last request: 117.934923 seconds.
  path: Assets/Dev/Materials/Car/Chassis.mat
  artifactKey: Guid(dd1f23e2c0a058342bf9b539dadc49bf) Importer(815301076,1909f56bfc062723c751e8b465ee728b)
Start importing Assets/Dev/Materials/Car/Chassis.mat using Guid(dd1f23e2c0a058342bf9b539dadc49bf) Importer(815301076,1909f56bfc062723c751e8b465ee728b)  -> (artifact id: 'e1dd5aeafef50919bf27e74bc9fb0dc2') in 0.028343 seconds 
  Import took 0.153631 seconds .

========================================================================
Received Import Request.
  Time since last request: 0.000220 seconds.
  path: Assets/Dev/Materials/Car/Tires.mat
  artifactKey: Guid(90889fdecf195394aab9d85825061451) Importer(815301076,1909f56bfc062723c751e8b465ee728b)
Start importing Assets/Dev/Materials/Car/Tires.mat using Guid(90889fdecf195394aab9d85825061451) Importer(815301076,1909f56bfc062723c751e8b465ee728b)  -> (artifact id: '02d1234967adb6389125278328889e47') in 0.017039 seconds 
  Import took 0.021229 seconds .

========================================================================
Received Import Request.
  Time since last request: 0.002423 seconds.
  path: Assets/Dev/Materials/Car/Wheels.mat
  artifactKey: Guid(da48c5aec1db83942860c383e645d2c6) Importer(815301076,1909f56bfc062723c751e8b465ee728b)
Start importing Assets/Dev/Materials/Car/Wheels.mat using Guid(da48c5aec1db83942860c383e645d2c6) Importer(815301076,1909f56bfc062723c751e8b465ee728b)  -> (artifact id: 'd22ede4cf87443283c37099fb391ecec') in 0.013132 seconds 
  Import took 0.021649 seconds .

========================================================================
Received Import Request.
  Time since last request: 234.354865 seconds.
  path: Assets/Dev/Materials/Car/Wheels.mat
  artifactKey: Guid(da48c5aec1db83942860c383e645d2c6) Importer(815301076,1909f56bfc062723c751e8b465ee728b)
Start importing Assets/Dev/Materials/Car/Wheels.mat using Guid(da48c5aec1db83942860c383e645d2c6) Importer(815301076,1909f56bfc062723c751e8b465ee728b)  -> (artifact id: 'c2d134394501237ff969a21e04356ae7') in 0.014525 seconds 
  Import took 0.020106 seconds .

========================================================================
Received Import Request.
  Time since last request: 2338.506701 seconds.
  path: Assets/Dev/Scripts
  artifactKey: Guid(d15a21482792bb147a9efc5cece57cc7) Importer(815301076,1909f56bfc062723c751e8b465ee728b)
Start importing Assets/Dev/Scripts using Guid(d15a21482792bb147a9efc5cece57cc7) Importer(815301076,1909f56bfc062723c751e8b465ee728b)  -> (artifact id: '40cfd07076fd38b231f651e3a4a31f70') in 0.002838 seconds 
  Import took 0.011779 seconds .

========================================================================
Received Import Request.
  Time since last request: 120.813448 seconds.
  path: Assets/Dev/Scripts/Lights.cs
  artifactKey: Guid(1880695073d3c9b4083217f7ae9d3041) Importer(815301076,1909f56bfc062723c751e8b465ee728b)
Start importing Assets/Dev/Scripts/Lights.cs using Guid(1880695073d3c9b4083217f7ae9d3041) Importer(815301076,1909f56bfc062723c751e8b465ee728b)  -> (artifact id: '3fdbc418cb18ae661e11d8e038a810c9') in 0.127689 seconds 
  Import took 0.133053 seconds .

========================================================================
Received Prepare
Registering precompiled user dll's ...
Registered in 0.075195 seconds.
Begin MonoManager ReloadAssembly
Native extension for WindowsStandalone target not found
Refreshing native plugins compatible for Editor in 1.18 ms, found 2 plugins.
Preloading 0 native plugins for Editor in 0.00 ms.
Mono: successfully reloaded assembly
- Completed reload, in  1.556 seconds
Domain Reload Profiling:
	ReloadAssembly (1557ms)
		BeginReloadAssembly (137ms)
			ExecutionOrderSort (0ms)
			DisableScriptedObjects (7ms)
			BackupInstance (0ms)
			ReleaseScriptingObjects (0ms)
			CreateAndSetChildDomain (47ms)
		EndReloadAssembly (1324ms)
			LoadAssemblies (119ms)
			RebuildTransferFunctionScriptingTraits (0ms)
			SetupTypeCache (466ms)
			ReleaseScriptCaches (1ms)
			RebuildScriptCaches (71ms)
			SetupLoadedEditorAssemblies (452ms)
				LogAssemblyErrors (0ms)
				InitializePlatformSupportModulesInManaged (6ms)
				SetLoadedEditorAssemblies (1ms)
				RefreshPlugins (1ms)
				BeforeProcessingInitializeOnLoad (120ms)
				ProcessInitializeOnLoadAttributes (315ms)
				ProcessInitializeOnLoadMethodAttributes (5ms)
				AfterProcessingInitializeOnLoad (3ms)
				EditorAssembliesLoaded (0ms)
			ExecutionOrderSort2 (0ms)
			AwakeInstancesAfterBackupRestoration (10ms)
Platform modules already initialized, skipping
Switching build target platform(19) subTarget(0) extendedPlatform(0) -> platform(13) subTarget(537395200) extendedPlatform(0)
Refreshing native plugins compatible for Editor in 1.14 ms, found 2 plugins.
Preloading 0 native plugins for Editor in 0.00 ms.
Unloading 1814 Unused Serialized files (Serialized files now loaded: 0)
System memory in use before: 86.5 MB.
System memory in use after: 86.6 MB.

Unloading 13 unused Assets to reduce memory usage. Loaded Objects now: 2303.
Total: 27.461012 ms (FindLiveObjects: 0.332898 ms CreateObjectMapping: 0.101355 ms MarkObjects: 26.990936 ms  DeleteObjects: 0.034659 ms)

AssetImportParameters requested are different than current active one (requested -> active):
  custom:framework-win-MediaFoundation: 216162199b28c13a410421893ffa2e32 -> 
  custom:video-decoder-ogg-theora: a1e56fd34408186e4bbccfd4996cb3dc -> 
  custom:container-muxer-webm: aa71ff27fc2769a1b78a27578f13a17b -> 
  custom:container-demuxer-webm: 4f35f7cbe854078d1ac9338744f61a02 -> 
  custom:container-demuxer-ogg: 62fdf1f143b41e24485cea50d1cbac27 -> 
  custom:video-encoder-webm-vp8: eb34c28f22e8b96e1ab97ce403110664 -> 
  custom:video-decoder-webm-vp8: 9c59270c3fd7afecdb556c50c9e8de78 -> 
  custom:graphics/normal-map-encoding: 01000000000000000000000000000000 -> 02000000000000000000000000000000
  custom:audio-decoder-ogg-vorbis: bf7c407c2cedff20999df2af8eb42d56 -> 
  custom:audio-encoder-webm-vorbis: bf7c407c2cedff20999df2af8eb42d56 -> 
========================================================================
Received Prepare
Registering precompiled user dll's ...
Registered in 0.004472 seconds.
Begin MonoManager ReloadAssembly
Native extension for WindowsStandalone target not found
Refreshing native plugins compatible for Editor in 1.14 ms, found 2 plugins.
Preloading 0 native plugins for Editor in 0.00 ms.
Mono: successfully reloaded assembly
- Completed reload, in  1.518 seconds
Domain Reload Profiling:
	ReloadAssembly (1519ms)
		BeginReloadAssembly (133ms)
			ExecutionOrderSort (0ms)
			DisableScriptedObjects (8ms)
			BackupInstance (0ms)
			ReleaseScriptingObjects (0ms)
			CreateAndSetChildDomain (44ms)
		EndReloadAssembly (1279ms)
			LoadAssemblies (124ms)
			RebuildTransferFunctionScriptingTraits (0ms)
			SetupTypeCache (469ms)
			ReleaseScriptCaches (1ms)
			RebuildScriptCaches (68ms)
			SetupLoadedEditorAssemblies (453ms)
				LogAssemblyErrors (0ms)
				InitializePlatformSupportModulesInManaged (7ms)
				SetLoadedEditorAssemblies (1ms)
				RefreshPlugins (1ms)
				BeforeProcessingInitializeOnLoad (118ms)
				ProcessInitializeOnLoadAttributes (315ms)
				ProcessInitializeOnLoadMethodAttributes (7ms)
				AfterProcessingInitializeOnLoad (4ms)
				EditorAssembliesLoaded (0ms)
			ExecutionOrderSort2 (0ms)
			AwakeInstancesAfterBackupRestoration (10ms)
Platform modules already initialized, skipping
Switching build target platform(19) subTarget(0) extendedPlatform(0) -> platform(13) subTarget(537395200) extendedPlatform(0)
Refreshing native plugins compatible for Editor in 1.20 ms, found 2 plugins.
Preloading 0 native plugins for Editor in 0.00 ms.
Unloading 1813 Unused Serialized files (Serialized files now loaded: 0)
System memory in use before: 86.5 MB.
System memory in use after: 86.7 MB.

Unloading 13 unused Assets to reduce memory usage. Loaded Objects now: 2305.
Total: 4.102536 ms (FindLiveObjects: 0.324160 ms CreateObjectMapping: 0.096695 ms MarkObjects: 3.658964 ms  DeleteObjects: 0.021552 ms)

AssetImportParameters requested are different than current active one (requested -> active):
  custom:framework-win-MediaFoundation: 216162199b28c13a410421893ffa2e32 -> 
  custom:video-decoder-ogg-theora: a1e56fd34408186e4bbccfd4996cb3dc -> 
  custom:container-muxer-webm: aa71ff27fc2769a1b78a27578f13a17b -> 
  custom:container-demuxer-webm: 4f35f7cbe854078d1ac9338744f61a02 -> 
  custom:container-demuxer-ogg: 62fdf1f143b41e24485cea50d1cbac27 -> 
  custom:video-encoder-webm-vp8: eb34c28f22e8b96e1ab97ce403110664 -> 
  custom:video-decoder-webm-vp8: 9c59270c3fd7afecdb556c50c9e8de78 -> 
  custom:graphics/normal-map-encoding: 01000000000000000000000000000000 -> 02000000000000000000000000000000
  custom:audio-decoder-ogg-vorbis: bf7c407c2cedff20999df2af8eb42d56 -> 
  custom:audio-encoder-webm-vorbis: bf7c407c2cedff20999df2af8eb42d56 -> 
========================================================================
Received Import Request.
  Time since last request: 1731.737247 seconds.
  path: Assets/Dev/Scripts/CarController.cs
  artifactKey: Guid(c26bc1ccd6da57e4e8957ee9757dcb35) Importer(815301076,1909f56bfc062723c751e8b465ee728b)
Start importing Assets/Dev/Scripts/CarController.cs using Guid(c26bc1ccd6da57e4e8957ee9757dcb35) Importer(815301076,1909f56bfc062723c751e8b465ee728b)  -> (artifact id: 'd12963ef47585d94c464b811b9499c0a') in 0.007861 seconds 
  Import took 0.013566 seconds .

========================================================================
Received Prepare
Registering precompiled user dll's ...
Registered in 0.004163 seconds.
Begin MonoManager ReloadAssembly
Native extension for WindowsStandalone target not found
Refreshing native plugins compatible for Editor in 1.15 ms, found 2 plugins.
Preloading 0 native plugins for Editor in 0.00 ms.
Mono: successfully reloaded assembly
- Completed reload, in  1.586 seconds
Domain Reload Profiling:
	ReloadAssembly (1587ms)
		BeginReloadAssembly (137ms)
			ExecutionOrderSort (0ms)
			DisableScriptedObjects (7ms)
			BackupInstance (0ms)
			ReleaseScriptingObjects (0ms)
			CreateAndSetChildDomain (47ms)
		EndReloadAssembly (1346ms)
			LoadAssemblies (142ms)
			RebuildTransferFunctionScriptingTraits (0ms)
			SetupTypeCache (496ms)
			ReleaseScriptCaches (1ms)
			RebuildScriptCaches (69ms)
			SetupLoadedEditorAssemblies (466ms)
				LogAssemblyErrors (0ms)
				InitializePlatformSupportModulesInManaged (7ms)
				SetLoadedEditorAssemblies (1ms)
				RefreshPlugins (1ms)
				BeforeProcessingInitializeOnLoad (117ms)
				ProcessInitializeOnLoadAttributes (331ms)
				ProcessInitializeOnLoadMethodAttributes (6ms)
				AfterProcessingInitializeOnLoad (3ms)
				EditorAssembliesLoaded (0ms)
			ExecutionOrderSort2 (0ms)
			AwakeInstancesAfterBackupRestoration (11ms)
Platform modules already initialized, skipping
Switching build target platform(19) subTarget(0) extendedPlatform(0) -> platform(13) subTarget(537395200) extendedPlatform(0)
Refreshing native plugins compatible for Editor in 1.12 ms, found 2 plugins.
Preloading 0 native plugins for Editor in 0.00 ms.
Unloading 1814 Unused Serialized files (Serialized files now loaded: 0)
System memory in use before: 86.6 MB.
System memory in use after: 86.7 MB.

Unloading 12 unused Assets to reduce memory usage. Loaded Objects now: 2309.
Total: 4.099332 ms (FindLiveObjects: 0.362605 ms CreateObjectMapping: 0.099898 ms MarkObjects: 3.613820 ms  DeleteObjects: 0.021844 ms)

AssetImportParameters requested are different than current active one (requested -> active):
  custom:framework-win-MediaFoundation: 216162199b28c13a410421893ffa2e32 -> 
  custom:video-decoder-ogg-theora: a1e56fd34408186e4bbccfd4996cb3dc -> 
  custom:container-muxer-webm: aa71ff27fc2769a1b78a27578f13a17b -> 
  custom:container-demuxer-webm: 4f35f7cbe854078d1ac9338744f61a02 -> 
  custom:container-demuxer-ogg: 62fdf1f143b41e24485cea50d1cbac27 -> 
  custom:video-encoder-webm-vp8: eb34c28f22e8b96e1ab97ce403110664 -> 
  custom:video-decoder-webm-vp8: 9c59270c3fd7afecdb556c50c9e8de78 -> 
  custom:graphics/normal-map-encoding: 01000000000000000000000000000000 -> 02000000000000000000000000000000
  custom:audio-decoder-ogg-vorbis: bf7c407c2cedff20999df2af8eb42d56 -> 
  custom:audio-encoder-webm-vorbis: bf7c407c2cedff20999df2af8eb42d56 -> 
